Log file open, 01/24/19 09:53:47
LogWindows: Failed to load 'aqProf.dll' (GetLastError=126)
LogWindows: File 'aqProf.dll' does not exist
LogWindows: Failed to load 'VtuneApi.dll' (GetLastError=126)
LogWindows: File 'VtuneApi.dll' does not exist
LogWindows: Failed to load 'VtuneApi32e.dll' (GetLastError=126)
LogWindows: File 'VtuneApi32e.dll' does not exist
LogInit: Display: Running engine for game: movement
LogPlatformFile: Not using cached read wrapper
LogInit: Display: RandInit(-708658689) SRandInit(-708658689).
LogInit: Read version file with build ID '3944462'
LogInit: Overriding engine version to CL 4033788, compatible CL 3944462
LogInit: Registered custom module enumerator with build ID '3944462'
LogTaskGraph: Started task graph with 5 named threads and 23 total threads with 3 sets of task threads.
LogStats: Stats thread started at 0.299007
LogD3D11RHI: Aftermath initialized
LogICUInternationalization: Display: ICU TimeZone Detection - Raw Offset: +0:00, Platform Override: ''
LogModuleManager: Display: Found up-to-date module file ../../../Engine/Plugins/2D/Paper2D/Binaries/Win64/UE4Editor-Paper2D.dll (API version 3944462).
LogModuleManager: Display: Found up-to-date module file ../../../Engine/Plugins/2D/Paper2D/Binaries/Win64/UE4Editor-Paper2DEditor.dll (API version 3944462).
LogModuleManager: Display: Found up-to-date module file ../../../Engine/Plugins/2D/Paper2D/Binaries/Win64/UE4Editor-PaperSpriteSheetImporter.dll (API version 3944462).
LogModuleManager: Display: Found up-to-date module file ../../../Engine/Plugins/2D/Paper2D/Binaries/Win64/UE4Editor-PaperTiledImporter.dll (API version 3944462).
LogModuleManager: Display: Found up-to-date module file ../../../Engine/Plugins/2D/Paper2D/Binaries/Win64/UE4Editor-SmartSnapping.dll (API version 3944462).
LogModuleManager: Display: Found up-to-date module file ../../../Engine/Plugins/Blendables/LightPropagationVolume/Binaries/Win64/UE4Editor-LightPropagationVolumeRuntime.dll (API version 3944462).
LogModuleManager: Display: Found up-to-date module file ../../../Engine/Plugins/Blendables/LightPropagationVolume/Binaries/Win64/UE4Editor-LightPropagationVolumeEditor.dll (API version 3944462).
LogModuleManager: Display: Found up-to-date module file ../../../Engine/Plugins/Developer/CLionSourceCodeAccess/Binaries/Win64/UE4Editor-CLionSourceCodeAccess.dll (API version 3944462).
LogModuleManager: Display: Found up-to-date module file ../../../Engine/Plugins/Developer/GitSourceControl/Binaries/Win64/UE4Editor-GitSourceControl.dll (API version 3944462).
LogModuleManager: Display: Found up-to-date module file ../../../Engine/Plugins/Developer/PerforceSourceControl/Binaries/Win64/UE4Editor-PerforceSourceControl.dll (API version 3944462).
LogModuleManager: Display: Found up-to-date module file ../../../Engine/Plugins/Developer/SubversionSourceControl/Binaries/Win64/UE4Editor-SubversionSourceControl.dll (API version 3944462).
LogModuleManager: Display: Found up-to-date module file ../../../Engine/Plugins/Developer/UObjectPlugin/Binaries/Win64/UE4Editor-UObjectPlugin.dll (API version 3944462).
LogModuleManager: Display: Found up-to-date module file ../../../Engine/Plugins/Developer/VisualStudioCodeSourceCodeAccess/Binaries/Win64/UE4Editor-VisualStudioCodeSourceCodeAccess.dll (API version 3944462).
LogModuleManager: Display: Found up-to-date module file ../../../Engine/Plugins/Developer/VisualStudioSourceCodeAccess/Binaries/Win64/UE4Editor-VisualStudioSourceCodeAccess.dll (API version 3944462).
LogModuleManager: Display: Found up-to-date module file ../../../Engine/Plugins/Editor/AssetManagerEditor/Binaries/Win64/UE4Editor-AssetManagerEditor.dll (API version 3944462).
LogModuleManager: Display: Found up-to-date module file ../../../Engine/Plugins/Editor/CryptoKeys/Binaries/Win64/UE4Editor-CryptoKeys.dll (API version 3944462).
LogModuleManager: Display: Found up-to-date module file ../../../Engine/Plugins/Editor/CryptoKeys/Binaries/Win64/UE4Editor-CryptoKeysOpenSSL.dll (API version 3944462).
LogModuleManager: Display: Found up-to-date module file ../../../Engine/Plugins/Editor/DataValidation/Binaries/Win64/UE4Editor-DataValidation.dll (API version 3944462).
LogModuleManager: Display: Found up-to-date module file ../../../Engine/Plugins/Editor/FacialAnimation/Binaries/Win64/UE4Editor-FacialAnimation.dll (API version 3944462).
LogModuleManager: Display: Found up-to-date module file ../../../Engine/Plugins/Editor/FacialAnimation/Binaries/Win64/UE4Editor-FacialAnimationEditor.dll (API version 3944462).
LogModuleManager: Display: Found up-to-date module file ../../../Engine/Plugins/Editor/GameplayTagsEditor/Binaries/Win64/UE4Editor-GameplayTagsEditor.dll (API version 3944462).
LogModuleManager: Display: Found up-to-date module file ../../../Engine/Plugins/Editor/MobileLauncherProfileWizard/Binaries/Win64/UE4Editor-MobileLauncherProfileWizard.dll (API version 3944462).
LogModuleManager: Display: Found up-to-date module file ../../../Engine/Plugins/Editor/PluginBrowser/Binaries/Win64/UE4Editor-PluginBrowser.dll (API version 3944462).
LogModuleManager: Display: Found up-to-date module file ../../../Engine/Plugins/Editor/SpeedTreeImporter/Binaries/Win64/UE4Editor-SpeedTreeImporter.dll (API version 3944462).
LogModuleManager: Display: Found up-to-date module file ../../../Engine/Plugins/Enterprise/DatasmithContent/Binaries/Win64/UE4Editor-DatasmithContent.dll (API version 3944462).
LogModuleManager: Display: Found up-to-date module file ../../../Engine/Plugins/Experimental/AlembicImporter/Binaries/Win64/UE4Editor-AlembicImporter.dll (API version 3944462).
LogModuleManager: Display: Found up-to-date module file ../../../Engine/Plugins/Experimental/AlembicImporter/Binaries/Win64/UE4Editor-AlembicLibrary.dll (API version 3944462).
LogModuleManager: Display: Found up-to-date module file ../../../Engine/Plugins/Experimental/CharacterAI/Binaries/Win64/UE4Editor-CharacterAI.dll (API version 3944462).
LogModuleManager: Display: Found up-to-date module file ../../../Engine/Plugins/Experimental/HTML5Networking/Binaries/Win64/UE4Editor-HTML5Networking.dll (API version 3944462).
LogModuleManager: Display: Found up-to-date module file ../../../Engine/Plugins/Media/AndroidMedia/Binaries/Win64/UE4Editor-AndroidMediaEditor.dll (API version 3944462).
LogModuleManager: Display: Found up-to-date module file ../../../Engine/Plugins/Media/AndroidMedia/Binaries/Win64/UE4Editor-AndroidMediaFactory.dll (API version 3944462).
LogModuleManager: Display: Found up-to-date module file ../../../Engine/Plugins/Media/AvfMedia/Binaries/Win64/UE4Editor-AvfMediaEditor.dll (API version 3944462).
LogModuleManager: Display: Found up-to-date module file ../../../Engine/Plugins/Media/AvfMedia/Binaries/Win64/UE4Editor-AvfMediaFactory.dll (API version 3944462).
LogModuleManager: Display: Found up-to-date module file ../../../Engine/Plugins/Media/AvfMedia/Binaries/Win64/UE4Editor-AvfMediaFactory.dll (API version 3944462).
LogModuleManager: Display: Found up-to-date module file ../../../Engine/Plugins/Media/ImgMedia/Binaries/Win64/UE4Editor-ImgMedia.dll (API version 3944462).
LogModuleManager: Display: Found up-to-date module file ../../../Engine/Plugins/Media/ImgMedia/Binaries/Win64/UE4Editor-ImgMediaEditor.dll (API version 3944462).
LogModuleManager: Display: Found up-to-date module file ../../../Engine/Plugins/Media/ImgMedia/Binaries/Win64/UE4Editor-ImgMediaFactory.dll (API version 3944462).
LogModuleManager: Display: Found up-to-date module file ../../../Engine/Plugins/Media/ImgMedia/Binaries/Win64/UE4Editor-ImgMediaFactory.dll (API version 3944462).
LogModuleManager: Display: Found up-to-date module file ../../../Engine/Plugins/Media/ImgMedia/Binaries/Win64/UE4Editor-OpenExrWrapper.dll (API version 3944462).
LogModuleManager: Display: Found up-to-date module file ../../../Engine/Plugins/Media/LinearTimecode/Binaries/Win64/UE4Editor-LinearTimecode.dll (API version 3944462).
LogModuleManager: Display: Found up-to-date module file ../../../Engine/Plugins/Media/MediaCompositing/Binaries/Win64/UE4Editor-MediaCompositing.dll (API version 3944462).
LogModuleManager: Display: Found up-to-date module file ../../../Engine/Plugins/Media/MediaCompositing/Binaries/Win64/UE4Editor-MediaCompositingEditor.dll (API version 3944462).
LogModuleManager: Display: Found up-to-date module file ../../../Engine/Plugins/Media/MediaPlayerEditor/Binaries/Win64/UE4Editor-MediaPlayerEditor.dll (API version 3944462).
LogModuleManager: Display: Found up-to-date module file ../../../Engine/Plugins/Media/WmfMedia/Binaries/Win64/UE4Editor-WmfMedia.dll (API version 3944462).
LogModuleManager: Display: Found up-to-date module file ../../../Engine/Plugins/Media/WmfMedia/Binaries/Win64/UE4Editor-WmfMediaEditor.dll (API version 3944462).
LogModuleManager: Display: Found up-to-date module file ../../../Engine/Plugins/Media/WmfMedia/Binaries/Win64/UE4Editor-WmfMediaFactory.dll (API version 3944462).
LogModuleManager: Display: Found up-to-date module file ../../../Engine/Plugins/Media/WmfMedia/Binaries/Win64/UE4Editor-WmfMediaFactory.dll (API version 3944462).
LogModuleManager: Display: Found up-to-date module file ../../../Engine/Plugins/Messaging/TcpMessaging/Binaries/Win64/UE4Editor-TcpMessaging.dll (API version 3944462).
LogModuleManager: Display: Found up-to-date module file ../../../Engine/Plugins/Messaging/UdpMessaging/Binaries/Win64/UE4Editor-UdpMessaging.dll (API version 3944462).
LogModuleManager: Display: Found up-to-date module file ../../../Engine/Plugins/MovieScene/ActorSequence/Binaries/Win64/UE4Editor-ActorSequence.dll (API version 3944462).
LogModuleManager: Display: Found up-to-date module file ../../../Engine/Plugins/MovieScene/LevelSequenceEditor/Binaries/Win64/UE4Editor-LevelSequenceEditor.dll (API version 3944462).
LogModuleManager: Display: Found up-to-date module file ../../../Engine/Plugins/MovieScene/MatineeToLevelSequence/Binaries/Win64/UE4Editor-MatineeToLevelSequence.dll (API version 3944462).
LogModuleManager: Display: Found up-to-date module file ../../../Engine/Plugins/NetcodeUnitTest/NetcodeUnitTest/Binaries/Win64/UE4Editor-NetcodeUnitTest.dll (API version 3944462).
LogModuleManager: Display: Found up-to-date module file ../../../Engine/Plugins/NetcodeUnitTest/NUTUnrealEngine4/Binaries/Win64/UE4Editor-NUTUnrealEngine4.dll (API version 3944462).
LogModuleManager: Display: Found up-to-date module file ../../../Engine/Plugins/Online/OnlineSubsystem/Binaries/Win64/UE4Editor-OnlineSubsystem.dll (API version 3944462).
LogModuleManager: Display: Found up-to-date module file ../../../Engine/Plugins/Runtime/AndroidPermission/Binaries/Win64/UE4Editor-AndroidPermission.dll (API version 3944462).
LogModuleManager: Display: Found up-to-date module file ../../../Engine/Plugins/Online/OnlineSubsystemNull/Binaries/Win64/UE4Editor-OnlineSubsystemNull.dll (API version 3944462).
LogModuleManager: Display: Found up-to-date module file ../../../Engine/Plugins/Online/OnlineSubsystemUtils/Binaries/Win64/UE4Editor-OnlineSubsystemUtils.dll (API version 3944462).
LogModuleManager: Display: Found up-to-date module file ../../../Engine/Plugins/Online/OnlineSubsystemUtils/Binaries/Win64/UE4Editor-OnlineBlueprintSupport.dll (API version 3944462).
LogModuleManager: Display: Found up-to-date module file ../../../Engine/Plugins/Runtime/AndroidDeviceProfileSelector/Binaries/Win64/UE4Editor-AndroidDeviceProfileSelector.dll (API version 3944462).
LogModuleManager: Display: Found up-to-date module file ../../../Engine/Plugins/Runtime/AppleARKit/Binaries/Win64/UE4Editor-AppleARKit.dll (API version 3944462).
LogModuleManager: Display: Found up-to-date module file ../../../Engine/Plugins/Runtime/ProceduralMeshComponent/Binaries/Win64/UE4Editor-ProceduralMeshComponent.dll (API version 3944462).
LogModuleManager: Display: Found up-to-date module file ../../../Engine/Plugins/Runtime/ProceduralMeshComponent/Binaries/Win64/UE4Editor-ProceduralMeshComponentEditor.dll (API version 3944462).
LogModuleManager: Display: Found up-to-date module file ../../../Engine/Plugins/Animation/LiveLink/Binaries/Win64/UE4Editor-LiveLink.dll (API version 3944462).
LogModuleManager: Display: Found up-to-date module file ../../../Engine/Plugins/Animation/LiveLink/Binaries/Win64/UE4Editor-LiveLinkEditor.dll (API version 3944462).
LogModuleManager: Display: Found up-to-date module file ../../../Engine/Plugins/Runtime/ArchVisCharacter/Binaries/Win64/UE4Editor-ArchVisCharacter.dll (API version 3944462).
LogModuleManager: Display: Found up-to-date module file ../../../Engine/Plugins/Runtime/AudioCapture/Binaries/Win64/UE4Editor-AudioCapture.dll (API version 3944462).
LogModuleManager: Display: Found up-to-date module file ../../../Engine/Plugins/Runtime/AudioCapture/Binaries/Win64/UE4Editor-AudioCaptureEditor.dll (API version 3944462).
LogModuleManager: Display: Found up-to-date module file ../../../Engine/Plugins/Runtime/CableComponent/Binaries/Win64/UE4Editor-CableComponent.dll (API version 3944462).
LogModuleManager: Display: Found up-to-date module file ../../../Engine/Plugins/Runtime/CustomMeshComponent/Binaries/Win64/UE4Editor-CustomMeshComponent.dll (API version 3944462).
LogModuleManager: Display: Found up-to-date module file ../../../Engine/Plugins/Runtime/ExampleDeviceProfileSelector/Binaries/Win64/UE4Editor-ExampleDeviceProfileSelector.dll (API version 3944462).
LogModuleManager: Display: Found up-to-date module file ../../../Engine/Plugins/Runtime/ImmediatePhysics/Binaries/Win64/UE4Editor-ImmediatePhysics.dll (API version 3944462).
LogModuleManager: Display: Found up-to-date module file ../../../Engine/Plugins/Runtime/ImmediatePhysics/Binaries/Win64/UE4Editor-ImmediatePhysicsEditor.dll (API version 3944462).
LogModuleManager: Display: Found up-to-date module file ../../../Engine/Plugins/Runtime/LocationServicesBPLibrary/Binaries/Win64/UE4Editor-LocationServicesBPLibrary.dll (API version 3944462).
LogModuleManager: Display: Found up-to-date module file ../../../Engine/Plugins/Runtime/MobilePatchingUtils/Binaries/Win64/UE4Editor-MobilePatchingUtils.dll (API version 3944462).
LogModuleManager: Display: Found up-to-date module file ../../../Engine/Plugins/Runtime/Oculus/OculusVR/Binaries/Win64/UE4Editor-OculusHMD.dll (API version 3944462).
LogModuleManager: Display: Found up-to-date module file ../../../Engine/Plugins/Runtime/Oculus/OculusVR/Binaries/Win64/UE4Editor-OculusInput.dll (API version 3944462).
LogModuleManager: Display: Found up-to-date module file ../../../Engine/Plugins/Runtime/Oculus/OculusVR/Binaries/Win64/UE4Editor-OculusEditor.dll (API version 3944462).
LogModuleManager: Display: Found up-to-date module file ../../../Engine/Plugins/Runtime/PhysXVehicles/Binaries/Win64/UE4Editor-PhysXVehicles.dll (API version 3944462).
LogModuleManager: Display: Found up-to-date module file ../../../Engine/Plugins/Runtime/PhysXVehicles/Binaries/Win64/UE4Editor-PhysXVehiclesEditor.dll (API version 3944462).
LogModuleManager: Display: Found up-to-date module file ../../../Engine/Plugins/Runtime/RuntimePhysXCooking/Binaries/Win64/UE4Editor-RuntimePhysXCooking.dll (API version 3944462).
LogModuleManager: Display: Found up-to-date module file ../../../Engine/Plugins/Runtime/Steam/SteamVR/Binaries/Win64/UE4Editor-SteamVR.dll (API version 3944462).
LogModuleManager: Display: Found up-to-date module file ../../../Engine/Plugins/Runtime/Steam/SteamVR/Binaries/Win64/UE4Editor-SteamVRController.dll (API version 3944462).
LogModuleManager: Display: Found up-to-date module file ../../../Engine/Plugins/Runtime/WindowsMoviePlayer/Binaries/Win64/UE4Editor-WindowsMoviePlayer.dll (API version 3944462).
LogPluginManager: Mounting plugin Paper2D
LogPluginManager: Mounting plugin LiveLink
LogPluginManager: Mounting plugin LightPropagationVolume
LogPluginManager: Mounting plugin CLionSourceCodeAccess
LogPluginManager: Mounting plugin CodeLiteSourceCodeAccess
LogPluginManager: Mounting plugin GitSourceControl
LogPluginManager: Mounting plugin KDevelopSourceCodeAccess
LogPluginManager: Mounting plugin NullSourceCodeAccess
LogPluginManager: Mounting plugin PerforceSourceControl
LogPluginManager: Mounting plugin SubversionSourceControl
LogPluginManager: Mounting plugin UObjectPlugin
LogPluginManager: Mounting plugin VisualStudioCodeSourceCodeAccess
LogPluginManager: Mounting plugin VisualStudioSourceCodeAccess
LogPluginManager: Mounting plugin XCodeSourceCodeAccess
LogPluginManager: Mounting plugin AssetManagerEditor
LogPluginManager: Mounting plugin CryptoKeys
LogPluginManager: Mounting plugin DataValidation
LogPluginManager: Mounting plugin FacialAnimation
LogPluginManager: Mounting plugin GameplayTagsEditor
LogPluginManager: Mounting plugin MobileLauncherProfileWizard
LogPluginManager: Mounting plugin PluginBrowser
LogPluginManager: Mounting plugin SpeedTreeImporter
LogPluginManager: Mounting plugin DatasmithContent
LogPluginManager: Mounting plugin AlembicImporter
LogPluginManager: Mounting plugin CharacterAI
LogPluginManager: Mounting plugin HTML5Networking
LogPluginManager: Mounting plugin AndroidMedia
LogPluginManager: Mounting plugin AvfMedia
LogPluginManager: Mounting plugin ImgMedia
LogPluginManager: Mounting plugin LinearTimecode
LogPluginManager: Mounting plugin MediaCompositing
LogPluginManager: Mounting plugin MediaPlayerEditor
LogPluginManager: Mounting plugin WmfMedia
LogPluginManager: Mounting plugin TcpMessaging
LogPluginManager: Mounting plugin UdpMessaging
LogPluginManager: Mounting plugin ActorSequence
LogPluginManager: Mounting plugin LevelSequenceEditor
LogPluginManager: Mounting plugin MatineeToLevelSequence
LogPluginManager: Mounting plugin NetcodeUnitTest
LogPluginManager: Mounting plugin NUTUnrealEngine4
LogPluginManager: Mounting plugin OnlineSubsystemGooglePlay
LogPluginManager: Mounting plugin OnlineSubsystemIOS
LogPluginManager: Mounting plugin OnlineSubsystem
LogPluginManager: Mounting plugin OnlineSubsystemNull
LogPluginManager: Mounting plugin OnlineSubsystemUtils
LogPluginManager: Mounting plugin AndroidDeviceProfileSelector
LogPluginManager: Mounting plugin AndroidMoviePlayer
LogPluginManager: Mounting plugin AndroidPermission
LogPluginManager: Mounting plugin AppleARKit
LogPluginManager: Mounting plugin AppleMoviePlayer
LogPluginManager: Mounting plugin ArchVisCharacter
LogPluginManager: Mounting plugin AudioCapture
LogPluginManager: Mounting plugin CableComponent
LogPluginManager: Mounting plugin CustomMeshComponent
LogPluginManager: Mounting plugin ExampleDeviceProfileSelector
LogPluginManager: Mounting plugin GoogleCloudMessaging
LogPluginManager: Mounting plugin ImmediatePhysics
LogPluginManager: Mounting plugin IOSDeviceProfileSelector
LogPluginManager: Mounting plugin LinuxDeviceProfileSelector
LogPluginManager: Mounting plugin LocationServicesBPLibrary
LogPluginManager: Mounting plugin MobilePatchingUtils
LogPluginManager: Mounting plugin OculusVR
LogPluginManager: Plugin shader directory ../../../Engine/Plugins/Runtime/Oculus/OculusVR/Shaders found
LogPluginManager: Mapping shader source directory ../../../Engine/Plugins/Runtime/Oculus/OculusVR/Shaders to virtual directory /Plugin/OculusVR
LogPluginManager: Mounting plugin PhysXVehicles
LogPluginManager: Mounting plugin ProceduralMeshComponent
LogPluginManager: Mounting plugin RuntimePhysXCooking
LogPluginManager: Mounting plugin SteamVR
LogPluginManager: Mounting plugin WindowsMoviePlayer
LogStreaming: Display: Took  2.685s to configure plugins.
LogInit: Using libcurl 7.47.1
LogInit:  - built for x86_64-pc-win32
LogInit:  - supports SSL with OpenSSL/1.0.2g
LogInit:  - supports HTTP deflate (compression) using libz 1.2.8
LogInit:  - other features:
LogInit:      CURL_VERSION_SSL
LogInit:      CURL_VERSION_LIBZ
LogInit:      CURL_VERSION_IPV6
LogInit:      CURL_VERSION_ASYNCHDNS
LogInit:      CURL_VERSION_LARGEFILE
LogInit:      CURL_VERSION_IDN
LogInit:  CurlRequestOptions (configurable via config and command line):
LogInit:  - bVerifyPeer = false  - Libcurl will NOT verify peer certificate
LogInit:  - bUseHttpProxy = false  - Libcurl will NOT use HTTP proxy
LogInit:  - bDontReuseConnections = false  - Libcurl will reuse connections
LogInit:  - CertBundlePath = nullptr  - Libcurl will use whatever was configured at build time.
LogInit:  - MaxHostConnections = 16  - Libcurl will limit the number of connections to a host
LogInit:  - LocalHostAddr = Default
LogInit: WinSock: version 1.1 (2.2), MaxSocks=32767, MaxUdp=65467
LogInit: WinSock: I am ASN-CMD1162 (192.168.8.1:0)
LogInit: Build: ++UE4+Release-4.19-CL-4033788
LogInit: Engine Version: 4.19.2-4033788+++UE4+Release-4.19
LogInit: Compatible Engine Version: 4.19.0-3944462+++UE4+Release-4.19
LogInit: Net CL: 3944462
LogDevObjectVersion: Number of dev versions registered: 18
LogDevObjectVersion:   Dev-Blueprints (B0D832E4-1F89-4F0D-ACCF-7EB736FD4AA2): 10
LogDevObjectVersion:   Dev-Build (E1C64328-A22C-4D53-A36C-8E866417BD8C): 0
LogDevObjectVersion:   Dev-Core (375EC13C-06E4-48FB-B500-84F0262A717E): 2
LogDevObjectVersion:   Dev-Editor (E4B068ED-F494-42E9-A231-DA0B2E46BB41): 23
LogDevObjectVersion:   Dev-Framework (CFFC743F-43B0-4480-9391-14DF171D2073): 33
LogDevObjectVersion:   Dev-Mobile (B02B49B5-BB20-44E9-A304-32B752E40360): 2
LogDevObjectVersion:   Dev-Networking (A4E4105C-59A1-49B5-A7C5-40C4547EDFEE): 0
LogDevObjectVersion:   Dev-Online (39C831C9-5AE6-47DC-9A44-9C173E1C8E7C): 0
LogDevObjectVersion:   Dev-Physics (78F01B33-EBEA-4F98-B9B4-84EACCB95AA2): 0
LogDevObjectVersion:   Dev-Platform (6631380F-2D4D-43E0-8009-CF276956A95A): 0
LogDevObjectVersion:   Dev-Rendering (12F88B9F-8875-4AFC-A67C-D90C383ABD29): 25
LogDevObjectVersion:   Dev-Sequencer (7B5AE74C-D270-4C10-A958-57980B212A5A): 6
LogDevObjectVersion:   Dev-VR (D7296918-1DD6-4BDD-9DE2-64A83CC13884): 1
LogDevObjectVersion:   Dev-LoadTimes (C2A15278-BFE7-4AFE-6C17-90FF531DF755): 1
LogDevObjectVersion:   Private-Geometry (6EACA3D4-40EC-4CC1-B786-8BED09428FC5): 2
LogDevObjectVersion:   Dev-AnimPhys (29E575DD-E0A3-4627-9D10-D276232CDCEA): 16
LogDevObjectVersion:   Dev-ReflectionCapture (6B266CEC-1EC7-4B8F-A30B-E4D90942FC07): 1
LogDevObjectVersion:   Dev-Automation (0DF73D61-A23F-47EA-B727-89E90C41499A): 1
LogInit: Compiled (64-bit): Apr 27 2018 02:06:57
LogInit: Compiled with Visual C++: 19.00.24215.01
LogInit: Build Configuration: Development
LogInit: Branch Name: ++UE4+Release-4.19
LogInit: Command Line: 
LogInit: Base Directory: C:/Unreal/UE4_19_x/Engine/Binaries/Win64/
LogInit: Installed Engine Build: 1
LogStreaming: Display: Took  0.001s to delete old logs.
LogInit: Presizing for max 8388607 objects, including 0 objects not considered by GC, pre-allocating 0 bytes for permanent pool.
LogInit: Object subsystem initialized
[2019.01.24-09.53.50:896][  0]LogInit: Selected Device Profile: [Windows]
[2019.01.24-09.53.50:896][  0]LogInit: Applying CVar settings loaded from the selected device profile: [Windows]
[2019.01.24-09.53.50:944][  0]LogInit: Computer: ASN-CMD1162
[2019.01.24-09.53.50:945][  0]LogInit: User: 17078024
[2019.01.24-09.53.50:945][  0]LogInit: CPU Page size=4096, Cores=4
[2019.01.24-09.53.50:945][  0]LogInit: High frequency timer resolution =3.312642 MHz
[2019.01.24-09.53.50:945][  0]LogMemory: Memory total: Physical=15.9GB (16GB approx)
[2019.01.24-09.53.50:945][  0]LogMemory: Platform Memory Stats for Windows
[2019.01.24-09.53.50:945][  0]LogMemory: Process Physical Memory: 274.72 MB used, 274.72 MB peak
[2019.01.24-09.53.50:945][  0]LogMemory: Process Virtual Memory: 264.73 MB used, 264.73 MB peak
[2019.01.24-09.53.50:945][  0]LogMemory: Physical Memory: 5110.91 MB used,  11218.74 MB free, 16329.65 MB total
[2019.01.24-09.53.50:945][  0]LogMemory: Virtual Memory: 700.53 MB used,  11218.74 MB free, 134217728.00 MB total
[2019.01.24-09.53.50:973][  0]LogInit: Using OS detected language (en-GB).
[2019.01.24-09.53.50:973][  0]LogInit: Using OS detected locale (en-GB).
[2019.01.24-09.53.50:977][  0]LogTextLocalizationManager: No specific localization for 'en-GB' exists, so the 'en' localization will be used.
[2019.01.24-09.53.51:402][  0]LogStreaming: Display: Took  0.430s to EndInitTextLocalization.
[2019.01.24-09.53.51:402][  0]LogInit: Setting process to per monitor DPI aware
[2019.01.24-09.53.51:459][  0]LogSlate: New Slate User Created.  User Index 0, Is Virtual User: 0
[2019.01.24-09.53.51:459][  0]LogSlate: Slate User Registered.  User Index 0, Is Virtual User: 0
[2019.01.24-09.53.51:714][  0]LogD3D11RHI: D3D11 adapters:
[2019.01.24-09.53.51:775][  0]LogD3D11RHI:    0. 'NVIDIA Quadro K2000' (Feature Level 11_0)
[2019.01.24-09.53.51:775][  0]LogD3D11RHI:       2007/0/8164 MB DedicatedVideo/DedicatedSystem/SharedSystem, Outputs:1, VendorId:0x10de
[2019.01.24-09.53.51:779][  0]LogD3D11RHI:    1. 'Microsoft Basic Render Driver' (Feature Level 11_0)
[2019.01.24-09.53.51:779][  0]LogD3D11RHI:       0/0/8164 MB DedicatedVideo/DedicatedSystem/SharedSystem, Outputs:0, VendorId:0x1414
[2019.01.24-09.53.51:779][  0]LogD3D11RHI: Chosen D3D11 Adapter: 0
[2019.01.24-09.53.51:790][  0]LogD3D11RHI: Creating new Direct3DDevice
[2019.01.24-09.53.51:790][  0]LogD3D11RHI:     GPU DeviceId: 0xffe (for the marketing name, search the web for "GPU Device Id")
[2019.01.24-09.53.51:790][  0]LogWindows: EnumDisplayDevices:
[2019.01.24-09.53.51:790][  0]LogWindows:    0. 'NVIDIA Quadro K2000' (P:1 D:1)
[2019.01.24-09.53.51:791][  0]LogWindows:    1. 'NVIDIA Quadro K2000' (P:0 D:0)
[2019.01.24-09.53.51:791][  0]LogWindows:    2. 'NVIDIA Quadro K2000' (P:0 D:0)
[2019.01.24-09.53.51:792][  0]LogWindows:    3. 'NVIDIA Quadro K2000' (P:0 D:0)
[2019.01.24-09.53.51:792][  0]LogWindows: DebugString: GetVideoDriverDetailsInvalid PrimaryIsNotTheChoosenAdapter GetVideoDriverDetailsInvalid PrimaryIsNotTheChoosenAdapter GetVideoDriverDetailsInvalid PrimaryIsNotTheChoosenAdapter GetVideoDriverDetailsInvalid PrimaryIsNotTheChoosenAdapter FoundDriverCount:0 
[2019.01.24-09.53.51:792][  0]LogD3D11RHI:     Adapter Name: NVIDIA Quadro K2000
[2019.01.24-09.53.51:792][  0]LogD3D11RHI:   Driver Version: Unknown (internal:Unknown, unified:Unknown)
[2019.01.24-09.53.51:792][  0]LogD3D11RHI:      Driver Date: Unknown
[2019.01.24-09.53.51:792][  0]LogRHI: Texture pool is 1405 MB (70% of 2007 MB)
[2019.01.24-09.53.51:834][  0]LogD3D11RHI: [Aftermath] Aftermath enabled and primed
[2019.01.24-09.53.51:834][  0]LogD3D11RHI: [Aftermath] Aftermath enabled and primed
[2019.01.24-09.53.51:834][  0]LogD3D11RHI: Async texture creation enabled
[2019.01.24-09.53.51:856][  0]LogD3D11RHI: GPU Timing Frequency: 1000.000000 (Debug: 2 2)
[2019.01.24-09.53.51:900][  0]LogShaderCompilers: Guid format shader working directory is -24 characters bigger than the processId version (F:/Year 2/Prov_Dev/MutiplayerGame/NebulaGM-ProjectX/code/NR/movement 4.19/Intermediate/Shaders/WorkingDirectory/6840/).
[2019.01.24-09.53.51:900][  0]LogShaderCompilers: Cleaned the shader compiler working directory 'C:/Users/17078024/AppData/Local/Temp/UnrealShaderWorkingDir/3B09E50B4D8D3E05BEBB53A84712F1BF/'.
[2019.01.24-09.53.52:226][  0]LogTemp: Display: Loaded TP AllDesktopTargetPlatform
[2019.01.24-09.53.52:244][  0]LogTemp: Display: Loaded TP MacClientTargetPlatform
[2019.01.24-09.53.52:261][  0]LogTemp: Display: Loaded TP MacNoEditorTargetPlatform
[2019.01.24-09.53.52:280][  0]LogTemp: Display: Loaded TP MacServerTargetPlatform
[2019.01.24-09.53.52:297][  0]LogTemp: Display: Loaded TP MacTargetPlatform
[2019.01.24-09.53.52:315][  0]LogTemp: Display: Loaded TP WindowsClientTargetPlatform
[2019.01.24-09.53.52:333][  0]LogTemp: Display: Loaded TP WindowsNoEditorTargetPlatform
[2019.01.24-09.53.52:350][  0]LogTemp: Display: Loaded TP WindowsServerTargetPlatform
[2019.01.24-09.53.52:360][  0]LogTemp: Display: Loaded TP WindowsTargetPlatform
[2019.01.24-09.53.52:375][  0]LogTemp: Display: Loaded TP Android_ASTCTargetPlatform
[2019.01.24-09.53.52:389][  0]LogTemp: Display: Loaded TP Android_ATCTargetPlatform
[2019.01.24-09.53.52:403][  0]LogTemp: Display: Loaded TP Android_DXTTargetPlatform
[2019.01.24-09.53.52:417][  0]LogTemp: Display: Loaded TP Android_ETC1aTargetPlatform
[2019.01.24-09.53.52:431][  0]LogTemp: Display: Loaded TP Android_ETC1TargetPlatform
[2019.01.24-09.53.52:445][  0]LogTemp: Display: Loaded TP Android_ETC2TargetPlatform
[2019.01.24-09.53.52:474][  0]LogTemp: Display: Loaded TP Android_MultiTargetPlatform
[2019.01.24-09.53.52:474][  0]LogTemp: Display: Loaded TP Android_PVRTCTargetPlatform
[2019.01.24-09.53.52:488][  0]LogTemp: Display: Loaded TP AndroidTargetPlatform
[2019.01.24-09.53.52:491][  0]LogTemp: Display: Loaded TP HTML5TargetPlatform
[2019.01.24-09.53.52:532][  0]LogTemp: Display: Loaded TP IOSTargetPlatform
[2019.01.24-09.53.52:545][  0]LogTemp: Display: Loaded TP TVOSTargetPlatform
[2019.01.24-09.53.52:559][  0]LogTemp: Display: Loaded TP LinuxClientTargetPlatform
[2019.01.24-09.53.52:573][  0]LogTemp: Display: Loaded TP LinuxNoEditorTargetPlatform
[2019.01.24-09.53.52:587][  0]LogTemp: Display: Loaded TP LinuxServerTargetPlatform
[2019.01.24-09.53.52:602][  0]LogTemp: Display: Loaded TP LinuxTargetPlatform
[2019.01.24-09.53.52:602][  0]LogTargetPlatformManager: Display: Building Assets For Windows
[2019.01.24-09.53.52:818][  0]LogXGEController: Cannot use XGE Controller as Incredibuild is not installed on this machine.
[2019.01.24-09.53.52:818][  0]LogShaderCompilers: Cannot use XGE Shader Compiler as Incredibuild is not installed on this machine.
[2019.01.24-09.53.52:818][  0]LogShaderCompilers: Display: Using Local Shader Compiler.
[2019.01.24-09.53.53:804][  0]LogDerivedDataCache: Display: Max Cache Size: 512 MB
[2019.01.24-09.53.53:907][  0]LogDerivedDataCache: Loaded boot cache 0.10s 74MB C:/Users/17078024/AppData/Local/UnrealEngine/4.19/DerivedDataCache/Boot.ddc.
[2019.01.24-09.53.53:907][  0]LogDerivedDataCache: Display: Loaded Boot cache: C:/Users/17078024/AppData/Local/UnrealEngine/4.19/DerivedDataCache/Boot.ddc
[2019.01.24-09.53.53:907][  0]LogDerivedDataCache: FDerivedDataBackendGraph:  Pak pak cache file F:/Year 2/Prov_Dev/MutiplayerGame/NebulaGM-ProjectX/code/NR/movement 4.19/DerivedDataCache/DDC.ddp not found, will not use a pak cache.
[2019.01.24-09.53.53:907][  0]LogDerivedDataCache: Unable to find inner node Pak for hierarchical cache Hierarchy.
[2019.01.24-09.53.53:907][  0]LogDerivedDataCache: FDerivedDataBackendGraph:  CompressedPak pak cache file F:/Year 2/Prov_Dev/MutiplayerGame/NebulaGM-ProjectX/code/NR/movement 4.19/DerivedDataCache/Compressed.ddp not found, will not use a pak cache.
[2019.01.24-09.53.53:907][  0]LogDerivedDataCache: Unable to find inner node CompressedPak for hierarchical cache Hierarchy.
[2019.01.24-09.53.53:924][  0]LogDerivedDataCache: Display: Pak cache opened for reading ../../../Engine/DerivedDataCache/Compressed.ddp.
[2019.01.24-09.53.53:936][  0]LogDerivedDataCache: Using Local data cache path C:/Users/17078024/AppData/Local/UnrealEngine/Common/DerivedDataCache: Writable
[2019.01.24-09.53.53:936][  0]LogDerivedDataCache: Shared data cache path not found in *engine.ini, will not use an Shared cache.
[2019.01.24-09.53.53:936][  0]LogDerivedDataCache: Unable to find inner node Shared for hierarchical cache Hierarchy.
[2019.01.24-09.53.53:949][  0]LogMaterial: Verifying Global Shaders for PCD3D_SM5
[2019.01.24-09.53.53:949][  0]LogSlate: Using Freetype 2.6.0
[2019.01.24-09.53.53:950][  0]LogSlate: SlateFontCache - WITH_FREETYPE: 1, WITH_HARFBUZZ: 1
[2019.01.24-09.53.53:950][  0]LogSlate: SlateFontCache - WITH_FREETYPE: 1, WITH_HARFBUZZ: 1
[2019.01.24-09.53.54:147][  0]LogAssetRegistry: FAssetRegistry took 0.0283 seconds to start up
[2019.01.24-09.53.54:604][  0]LogInit: Selected Device Profile: [Windows]
[2019.01.24-09.53.54:810][  0]LogSimplygon: Simplygon DLL not present - disabling.
[2019.01.24-09.53.54:815][  0]LogMeshReduction: Using SimplygonSwarm for distributed automatic mesh merging
[2019.01.24-09.53.54:815][  0]LogMeshReduction: Using QuadricMeshReduction for automatic static mesh reduction
[2019.01.24-09.53.54:815][  0]LogMeshReduction: No automatic skeletal mesh reduction module available
[2019.01.24-09.53.54:815][  0]LogMeshReduction: No automatic mesh merging module available
[2019.01.24-09.53.54:815][  0]LogMeshMerging: No automatic mesh merging module available
[2019.01.24-09.53.54:868][  0]LogNetVersion: movement , NetCL: 3944462, EngineNetVer: 2, GameNetVer: 0 (Checksum: 2388587796)
[2019.01.24-09.53.55:760][  0]LogPackageLocalizationCache: Processed 9 localized package path(s) for 2 prioritized culture(s) in 0.481123 seconds
[2019.01.24-09.53.55:765][  0]LogUObjectArray: 36728 objects as part of root set at end of initial load.
[2019.01.24-09.53.55:765][  0]LogUObjectAllocator: 7314312 out of 0 bytes used by permanent object pool.
[2019.01.24-09.53.55:765][  0]LogUObjectArray: CloseDisregardForGC: 0/0 objects in disregard for GC pool
[2019.01.24-09.53.57:934][  0]LogTcpMessaging: Initializing TcpMessaging bridge
[2019.01.24-09.53.57:982][  0]LogUdpMessaging: Initializing bridge on interface 0.0.0.0:0 to multicast group 230.0.0.1:6666.
[2019.01.24-09.53.58:619][  0]SourceControl: Source control is disabled
[2019.01.24-09.53.58:619][  0]SourceControl: Source control is disabled
[2019.01.24-09.53.58:657][  0]SourceControl: Source control is disabled
[2019.01.24-09.53.58:693][  0]SourceControl: Source control is disabled
[2019.01.24-09.53.59:586][  0]LogAndroidPermission: UAndroidPermissionCallbackProxy::GetInstance
[2019.01.24-09.53.59:861][  0]LogOcInput: OculusInput pre-init called
[2019.01.24-09.54.00:036][  0]LogEngine: Initializing Engine...
[2019.01.24-09.54.00:038][  0]LogHMD: Failed to initialize OpenVR with code 110
[2019.01.24-09.54.00:039][  0]LogStats: UGameplayTagsManager::ConstructGameplayTagTree: Construct from data asset -  0.000 s
[2019.01.24-09.54.00:039][  0]LogStats: UGameplayTagsManager::ConstructGameplayTagTree: GameplayTagTreeChangedEvent.Broadcast -  0.000 s
[2019.01.24-09.54.00:263][  0]LogAIModule: Creating AISystem for world Untitled
[2019.01.24-09.54.00:285][  0]LogInit: XAudio2 using 'Speakers (Realtek High Definition Audio)' : 2 channels at 48 kHz using 32 bits per sample (channel mask 0x3)
[2019.01.24-09.54.00:332][  0]LogInit: FAudioDevice initialized.
[2019.01.24-09.54.00:499][  0]LogDerivedDataCache: Saved boot cache 0.17s 74MB C:/Users/17078024/AppData/Local/UnrealEngine/4.19/DerivedDataCache/Boot.ddc.
[2019.01.24-09.54.00:512][  0]LogInit: Texture streaming: Enabled
[2019.01.24-09.54.00:541][  0]LogEngineSessionManager: EngineSessionManager initialized
[2019.01.24-09.54.00:579][  0]LogInit: Transaction tracking system initialized
[2019.01.24-09.54.00:624][  0]BlueprintLog: New page: Editor Load
[2019.01.24-09.54.00:765][  0]LocalizationService: Localization service is disabled
[2019.01.24-09.54.01:235][  0]LogConsoleResponse: Display: 
[2019.01.24-09.54.01:401][  0]LogCook: Display: Max memory allowance for cook 16384mb min free memory 0mb
[2019.01.24-09.54.01:401][  0]LogCook: Display: Mobile HDR setting 1
[2019.01.24-09.54.01:401][  0]LogGameplayTags: Display: UGameplayTagsManager::DoneAddingNativeTags. DelegateIsBound: 0
[2019.01.24-09.54.01:401][  0]LogStats: UGameplayTagsManager::ConstructGameplayTagTree: Construct from data asset -  0.000 s
[2019.01.24-09.54.01:401][  0]LogStats: UGameplayTagsManager::ConstructGameplayTagTree: GameplayTagTreeChangedEvent.Broadcast -  0.000 s
[2019.01.24-09.54.02:119][  0]LogFileCache: Scanning file cache for directory 'F:/Year 2/Prov_Dev/MutiplayerGame/NebulaGM-ProjectX/code/NR/movement 4.19/Content/' took 0.01s
[2019.01.24-09.54.02:119][  0]SourceControl: Source control is disabled
[2019.01.24-09.54.02:119][  0]Cmd: MAP LOAD FILE="F:/Year 2/Prov_Dev/MutiplayerGame/NebulaGM-ProjectX/code/NR/movement 4.19/Content/2DSideScrollerBP/Maps/2DSideScrollerExampleMap.umap" TEMPLATE=0 SHOWPROGRESS=1 FEATURELEVEL=3
[2019.01.24-09.54.02:120][  0]LightingResults: New page: Lighting Build
[2019.01.24-09.54.02:125][  0]MapCheck: New page: Map Check
[2019.01.24-09.54.02:125][  0]LightingResults: New page: Lighting Build
[2019.01.24-09.54.02:177][  0]LogUObjectGlobals: Created PersistentFrame Addr=0x00000226e3999080, Size=528, Default__BP_C Function /Game/SpriteRoman/Blueprint/BP.BP_C:ExecuteUbergraph_BP
[2019.01.24-09.54.02:184][  0]LogUObjectGlobals: Destroyed PersistentFrame Addr=0x00000226e3999080, Size=528
[2019.01.24-09.54.02:184][  0]LogUObjectGlobals: Created PersistentFrame Addr=0x00000226e3999080, Size=528, Default__BP_C Function /Engine/Transient.REINST_BP_C_3:ExecuteUbergraph_BP
[2019.01.24-09.54.02:192][  0]LogUObjectGlobals: Created PersistentFrame Addr=0x00000226c632ce00, Size=528, Default__BP_C Function /Game/SpriteRoman/Blueprint/BP.BP_C:ExecuteUbergraph_BP
[2019.01.24-09.54.02:267][  0]LogAIModule: Creating AISystem for world 2DSideScrollerExampleMap
[2019.01.24-09.54.02:271][  0]LogEditorServer: Finished looking for orphan Actors (0.000 secs)
[2019.01.24-09.54.02:281][  0]LogUObjectGlobals: Destroyed PersistentFrame Addr=0x00000226e3999080, Size=528
[2019.01.24-09.54.02:282][  0]Cmd: MAP CHECKDEP NOCLEARLOG
[2019.01.24-09.54.02:375][  0]MapCheck: Map check complete: 0 Error(s), 0 Warning(s), took 93.083ms to complete.
[2019.01.24-09.54.02:375][  0]LogFileHelpers: Loading map '2DSideScrollerExampleMap' took 0.256
[2019.01.24-09.54.02:521][  0]LogCollectionManager: Loaded 0 collections in 0.004099 seconds
[2019.01.24-09.54.02:566][  0]LogFileCache: Scanning file cache for directory 'F:/Year 2/Prov_Dev/MutiplayerGame/NebulaGM-ProjectX/code/NR/movement 4.19/Saved/Collections/' took 0.01s
[2019.01.24-09.54.02:567][  0]LogFileCache: Scanning file cache for directory 'F:/Year 2/Prov_Dev/MutiplayerGame/NebulaGM-ProjectX/code/NR/movement 4.19/Content/Developers/17078024/Collections/' took 0.01s
[2019.01.24-09.54.02:567][  0]LogFileCache: Scanning file cache for directory 'F:/Year 2/Prov_Dev/MutiplayerGame/NebulaGM-ProjectX/code/NR/movement 4.19/Content/Collections/' took 0.01s
[2019.01.24-09.54.02:567][  0]LogCollectionManager: Rebuilt the GUID cache for 0 collections in 0.000000 seconds
[2019.01.24-09.54.02:576][  0]LogContentBrowser: Native class hierarchy populated in 0.0095 seconds. Added 2452 classes and 558 folders.
[2019.01.24-09.54.02:588][  0]LogContentBrowser: Native class hierarchy updated for 'WidgetCarousel' in 0.0002 seconds. Added 0 classes and 0 folders.
[2019.01.24-09.54.02:679][  0]LogContentBrowser: Native class hierarchy updated for 'AddContentDialog' in 0.0002 seconds. Added 0 classes and 0 folders.
[2019.01.24-09.54.02:686][  0]LogContentBrowser: Native class hierarchy updated for 'SceneOutliner' in 0.0002 seconds. Added 1 classes and 2 folders.
[2019.01.24-09.54.02:706][  0]LogSlate: Took 0.000294 seconds to synchronously load lazily loaded font '../../../Engine/Content/Slate/Fonts/Roboto-Regular.ttf' (155K)
[2019.01.24-09.54.02:710][  0]LogSlate: Took 0.000345 seconds to synchronously load lazily loaded font '../../../Engine/Content/Slate/Fonts/Roboto-Bold.ttf' (160K)
[2019.01.24-09.54.02:717][  0]LogSlate: Took 0.000215 seconds to synchronously load lazily loaded font '../../../Engine/Content/Editor/Slate/Fonts/FontAwesome.ttf' (139K)
[2019.01.24-09.54.02:823][  0]LogRenderer: Reallocating scene render targets to support 1208x652 Format 10 NumSamples 1 (Frame:1).
[2019.01.24-09.54.03:044][  0]LogContentBrowser: Native class hierarchy updated for 'HierarchicalLODOutliner' in 0.0002 seconds. Added 0 classes and 0 folders.
[2019.01.24-09.54.03:044][  0]LogLoad: (Engine Initialization) Total time: 17.64 seconds
[2019.01.24-09.54.03:045][  0]LogLoad: (Engine Initialization) Total Blueprint compile time: 0.00 seconds
[2019.01.24-09.54.03:054][  0]LogWindowsTextInputMethodSystem: Display: IME system now deactivated.
[2019.01.24-09.54.03:070][  0]LogContentStreaming: Texture pool size now 1000 MB
[2019.01.24-09.54.03:088][  0]LogSlate: Took 0.000272 seconds to synchronously load lazily loaded font '../../../Engine/Content/Slate/Fonts/Roboto-Light.ttf' (167K)
[2019.01.24-09.54.03:113][  1]LogAssetRegistry: Asset discovery search completed in 8.9888 seconds
[2019.01.24-09.54.03:114][  1]LogCollectionManager: Rebuilt the object cache for 0 collections in 0.000000 seconds (found 0 objects)
[2019.01.24-09.54.03:114][  1]LogCollectionManager: Fixed up redirectors for 0 collections in 0.000043 seconds (updated 0 objects)
[2019.01.24-09.54.08:508][403]LogSlate: FSceneViewport::OnFocusLost() reason 0
[2019.01.24-09.54.15:823][180]LogSlate: Took 0.000277 seconds to synchronously load lazily loaded font '../../../Engine/Content/Slate/Fonts/Roboto-Light.ttf' (167K)
[2019.01.24-09.54.15:879][180]LogSlate: Took 0.000403 seconds to synchronously load lazily loaded font '../../../Engine/Content/Slate/Fonts/Roboto-BoldCondensed.ttf' (158K)
[2019.01.24-09.54.21:067][471]LogSlate: Window 'PlayerSheetWarrior_TileSet*' being destroyed
[2019.01.24-09.54.21:071][471]LogSlate: Window 'PlayerSheetWarrior_TileSet*' being destroyed
[2019.01.24-09.54.23:410][578]LogSlate: Window 'Delete Assets' being destroyed
[2019.01.24-09.54.24:118][630]LogContentBrowser: Native class hierarchy updated for 'TextureEditor' in 0.0003 seconds. Added 1 classes and 2 folders.
[2019.01.24-09.55.43:600][147]LogSlate: Window 'PlayerSheetWarrior' being destroyed
[2019.01.24-09.55.43:604][147]LogSlate: Window 'PlayerSheetWarrior' being destroyed
[2019.01.24-09.56.39:377][470]LogSlate: Window 'Extract sprites' being destroyed
[2019.01.24-09.56.45:738][887]LogSlate: Window 'Delete Assets' being destroyed
[2019.01.24-09.59.45:667][587]LogUObjectGlobals: Created PersistentFrame Addr=0x0000022684c88400, Size=528, Default__BP_C Function /Game/SpriteWarrior/BluePrint/BP.BP_C:ExecuteUbergraph_BP
[2019.01.24-09.59.45:674][587]LogUObjectGlobals: Destroyed PersistentFrame Addr=0x0000022684c88400, Size=528
[2019.01.24-09.59.45:674][587]LogUObjectGlobals: Created PersistentFrame Addr=0x0000022684c88400, Size=528, Default__BP_C Function /Engine/Transient.REINST_BP_C_7:ExecuteUbergraph_BP
[2019.01.24-09.59.45:681][587]LogUObjectGlobals: Created PersistentFrame Addr=0x00000226d8456980, Size=528, Default__BP_C Function /Game/SpriteWarrior/BluePrint/BP.BP_C:ExecuteUbergraph_BP
[2019.01.24-09.59.45:767][587]LogMetaData: Removing '/Game/SpriteSkeleton/BluePrint/BP.BP_C' ref from Metadata '/Game/SpriteWarrior/BluePrint/BP.PackageMetaData'
[2019.01.24-09.59.45:767][587]LogMetaData: Removing '/Game/SpriteSkeleton/BluePrint/BP.SKEL_BP_C:InpAxisEvt_MoveRight_K2Node_InputAxisEvent_5' ref from Metadata '/Game/SpriteWarrior/BluePrint/BP.PackageMetaData'
[2019.01.24-09.59.45:767][587]LogMetaData: Removing '/Game/SpriteSkeleton/BluePrint/BP.SKEL_BP_C:ReceiveBeginPlay' ref from Metadata '/Game/SpriteWarrior/BluePrint/BP.PackageMetaData'
[2019.01.24-09.59.45:768][587]LogMetaData: Removing '/Game/SpriteSkeleton/BluePrint/BP.SKEL_BP_C:ReceiveTick' ref from Metadata '/Game/SpriteWarrior/BluePrint/BP.PackageMetaData'
[2019.01.24-09.59.45:768][587]LogMetaData: Removing '/Game/SpriteSkeleton/BluePrint/BP.SKEL_BP_C:OnLanded' ref from Metadata '/Game/SpriteWarrior/BluePrint/BP.PackageMetaData'
[2019.01.24-09.59.45:768][587]LogMetaData: Removing '/Game/SpriteSkeleton/BluePrint/BP.SKEL_BP_C:IsAttacking' ref from Metadata '/Game/SpriteWarrior/BluePrint/BP.PackageMetaData'
[2019.01.24-09.59.45:768][587]LogMetaData: Removing '/Game/SpriteSkeleton/BluePrint/BP.SKEL_BP_C:IsJumping' ref from Metadata '/Game/SpriteWarrior/BluePrint/BP.PackageMetaData'
[2019.01.24-09.59.45:768][587]LogMetaData: Removing '/Game/SpriteSkeleton/BluePrint/BP.SKEL_BP_C:bisMovingRight' ref from Metadata '/Game/SpriteWarrior/BluePrint/BP.PackageMetaData'
[2019.01.24-09.59.45:768][587]LogMetaData: Removing '/Game/SpriteSkeleton/BluePrint/BP.SKEL_BP_C:CameraBoom' ref from Metadata '/Game/SpriteWarrior/BluePrint/BP.PackageMetaData'
[2019.01.24-09.59.45:768][587]LogMetaData: Removing '/Game/SpriteSkeleton/BluePrint/BP.SKEL_BP_C:SideViewCameraComponent' ref from Metadata '/Game/SpriteWarrior/BluePrint/BP.PackageMetaData'
[2019.01.24-09.59.45:768][587]LogMetaData: Removing '/Game/SpriteSkeleton/BluePrint/BP.SKEL_BP_C:UserConstructionScript' ref from Metadata '/Game/SpriteWarrior/BluePrint/BP.PackageMetaData'
[2019.01.24-09.59.45:768][587]LogMetaData: Removing '/Game/SpriteSkeleton/BluePrint/BP.SKEL_BP_C' ref from Metadata '/Game/SpriteWarrior/BluePrint/BP.PackageMetaData'
[2019.01.24-09.59.45:768][587]LogMetaData: Removing '/Game/SpriteSkeleton/BluePrint/BP.BP_C:IsAttacking' ref from Metadata '/Game/SpriteWarrior/BluePrint/BP.PackageMetaData'
[2019.01.24-09.59.45:768][587]LogMetaData: Removing '/Game/SpriteSkeleton/BluePrint/BP.BP_C:IsJumping' ref from Metadata '/Game/SpriteWarrior/BluePrint/BP.PackageMetaData'
[2019.01.24-09.59.45:768][587]LogMetaData: Removing '/Game/SpriteSkeleton/BluePrint/BP.BP_C:bisMovingRight' ref from Metadata '/Game/SpriteWarrior/BluePrint/BP.PackageMetaData'
[2019.01.24-09.59.45:768][587]LogMetaData: Removing '/Game/SpriteSkeleton/BluePrint/BP.BP_C:CameraBoom' ref from Metadata '/Game/SpriteWarrior/BluePrint/BP.PackageMetaData'
[2019.01.24-09.59.45:768][587]LogMetaData: Removing '/Game/SpriteSkeleton/BluePrint/BP.BP_C:SideViewCameraComponent' ref from Metadata '/Game/SpriteWarrior/BluePrint/BP.PackageMetaData'
[2019.01.24-09.59.45:768][587]LogMetaData: Removing '/Game/SpriteSkeleton/BluePrint/BP.BP_C:OnLanded' ref from Metadata '/Game/SpriteWarrior/BluePrint/BP.PackageMetaData'
[2019.01.24-09.59.45:768][587]LogMetaData: Removing '/Game/SpriteSkeleton/BluePrint/BP.BP_C:ReceiveTick' ref from Metadata '/Game/SpriteWarrior/BluePrint/BP.PackageMetaData'
[2019.01.24-09.59.45:768][587]LogMetaData: Removing '/Game/SpriteSkeleton/BluePrint/BP.BP_C:ReceiveBeginPlay' ref from Metadata '/Game/SpriteWarrior/BluePrint/BP.PackageMetaData'
[2019.01.24-09.59.45:768][587]LogMetaData: Removing '/Game/SpriteSkeleton/BluePrint/BP.BP_C:UserConstructionScript' ref from Metadata '/Game/SpriteWarrior/BluePrint/BP.PackageMetaData'
[2019.01.24-09.59.45:768][587]LogMetaData: Removing '/Game/SpriteSkeleton/BluePrint/BP.BP_C:ExecuteUbergraph_BP' ref from Metadata '/Game/SpriteWarrior/BluePrint/BP.PackageMetaData'
[2019.01.24-09.59.45:768][587]LogMetaData: Removing '/Game/SpriteSkeleton/BluePrint/BP.BP_C:InpAxisEvt_MoveRight_K2Node_InputAxisEvent_5' ref from Metadata '/Game/SpriteWarrior/BluePrint/BP.PackageMetaData'
[2019.01.24-09.59.45:768][587]LogMetaData: Removing '/Game/SpriteSkeleton/BluePrint/BP.BP_C:InpTchEvt_Pressed' ref from Metadata '/Game/SpriteWarrior/BluePrint/BP.PackageMetaData'
[2019.01.24-09.59.45:768][587]LogMetaData: Removing '/Game/SpriteSkeleton/BluePrint/BP.BP_C:InpTchEvt_Released' ref from Metadata '/Game/SpriteWarrior/BluePrint/BP.PackageMetaData'
[2019.01.24-09.59.45:786][587]Cmd: OBJ SAVEPACKAGE PACKAGE="/Game/SpriteSkeleton/BluePrint/BP" FILE="F:/Year 2/Prov_Dev/MutiplayerGame/NebulaGM-ProjectX/code/NR/movement 4.19/Content/SpriteSkeleton/BluePrint/BP.uasset" SILENT=true
[2019.01.24-09.59.47:877][587]LogSavePackage: Save=2069.15ms
[2019.01.24-09.59.47:877][587]LogSavePackage: Moving 'F:/Year 2/Prov_Dev/MutiplayerGame/NebulaGM-ProjectX/code/NR/movement 4.19/Saved/BP1623CB7C4E3F8E76FE9A9099A7BAE1D6.tmp' to 'F:/Year 2/Prov_Dev/MutiplayerGame/NebulaGM-ProjectX/code/NR/movement 4.19/Content/SpriteSkeleton/BluePrint/BP.uasset'
[2019.01.24-09.59.47:903][587]LogSavePackage: Display: Finished SavePackage F:/Year 2/Prov_Dev/MutiplayerGame/NebulaGM-ProjectX/code/NR/movement 4.19/Content/SpriteSkeleton/BluePrint/BP.uasset
[2019.01.24-09.59.47:999][587]LogUObjectGlobals: Destroyed PersistentFrame Addr=0x0000022684c88400, Size=528
[2019.01.24-10.00.08:185][ 16]LogFactory: FactoryCreateFile: Texture with ReimportTextureFactory (0 0 F:/Year 2/Prov_Dev/MutiplayerGame/Assets/PlayerSheetSkeleton.png)
[2019.01.24-10.00.08:193][ 16]LogTexture: Display: Building textures: PlayerSheetSkeleton (BGRA8, 347X277)
[2019.01.24-10.00.38:917][661]LogSlate: Window 'Extract sprites' being destroyed
[2019.01.24-10.00.42:417][858]LogSlate: Window 'Delete Assets' being destroyed
[2019.01.24-10.05.08:892][954]LogFactory: FactoryCreateFile: Texture with ReimportTextureFactory (0 0 F:/Year 2/Prov_Dev/MutiplayerGame/Assets/PlayerSheetWizard.png)
[2019.01.24-10.05.08:910][954]LogTexture: Display: Building textures: PlayerSheetWizard (BGRA8, 1175X635)
[2019.01.24-10.05.57:209][466]LogSlate: Window 'Color Picker' being destroyed
[2019.01.24-10.06.28:419][932]LogSlate: Window 'Color Picker' being destroyed
[2019.01.24-10.06.34:454][336]LogSlate: Window 'Color Picker' being destroyed
[2019.01.24-10.06.35:953][444]LogSlate: Window 'Extract sprites' being destroyed
[2019.01.24-10.06.37:757][573]LogRenderer: Reallocating scene render targets to support 1208x740 Format 10 NumSamples 1 (Frame:1).
[2019.01.24-10.06.44:697][903]LogSlate: Window 'PlayerSheetWizard_Sprite_0*' being destroyed
[2019.01.24-10.06.44:701][903]LogSlate: Window 'PlayerSheetWizard_Sprite_0*' being destroyed
[2019.01.24-10.06.48:119][ 31]LogSlate: Window 'Delete Assets' being destroyed
[2019.01.24-10.09.48:304][336]LogSlate: Window 'Extract sprites' being destroyed
[2019.01.24-10.09.53:106][530]LogSlate: Window 'Delete Assets' being destroyed
[2019.01.24-10.09.56:519][795]LogTemp: Repeating last play command: Selected Viewport
[2019.01.24-10.09.56:560][795]LogBlueprintUserMessages: Early PlayInEditor Detection: Level '/Game/2DSideScrollerBP/Maps/2DSideScrollerExampleMap.2DSideScrollerExampleMap:PersistentLevel' has LevelScriptBlueprint '/Game/2DSideScrollerBP/Maps/2DSideScrollerExampleMap.2DSideScrollerExampleMap:PersistentLevel.2DSideScrollerExampleMap' with GeneratedClass '/Game/2DSideScrollerBP/Maps/2DSideScrollerExampleMap.2DSideScrollerExampleMap_C' with ClassGeneratedBy '/Game/2DSideScrollerBP/Maps/2DSideScrollerExampleMap.2DSideScrollerExampleMap:PersistentLevel.2DSideScrollerExampleMap'
[2019.01.24-10.09.56:560][795]LogPlayLevel: PlayLevel: No blueprints needed recompiling
[2019.01.24-10.09.56:561][795]PIE: New page: PIE session: 2DSideScrollerExampleMap (24 Jan 2019 10:09:56)
[2019.01.24-10.09.56:561][795]LogPlayLevel: Creating play world package: /Game/2DSideScrollerBP/Maps/UEDPIE_0_2DSideScrollerExampleMap
[2019.01.24-10.09.56:563][795]LogPlayLevel: PIE: StaticDuplicateObject took: (0.002293s)
[2019.01.24-10.09.56:564][795]LogAIModule: Creating AISystem for world 2DSideScrollerExampleMap
[2019.01.24-10.09.56:564][795]LogPlayLevel: PIE: World Init took: (0.000687s)
[2019.01.24-10.09.56:564][795]LogPlayLevel: PIE: Created PIE world by copying editor world from /Game/2DSideScrollerBP/Maps/2DSideScrollerExampleMap.2DSideScrollerExampleMap to /Game/2DSideScrollerBP/Maps/UEDPIE_0_2DSideScrollerExampleMap.2DSideScrollerExampleMap (0.003107s)
[2019.01.24-10.09.56:578][795]LogInit: XAudio2 using 'Speakers (Realtek High Definition Audio)' : 2 channels at 48 kHz using 32 bits per sample (channel mask 0x3)
[2019.01.24-10.09.56:595][795]LogInit: FAudioDevice initialized.
[2019.01.24-10.09.56:642][795]LogLoad: Game class is '2DSideScrollerGameMode_C'
[2019.01.24-10.09.56:645][795]LogWorld: Bringing World /Game/2DSideScrollerBP/Maps/UEDPIE_0_2DSideScrollerExampleMap.2DSideScrollerExampleMap up for play (max tick rate 0) at 2019.01.24-10.09.56
[2019.01.24-10.09.56:646][795]LogWorld: Bringing up level for play took: 0.001777
[2019.01.24-10.09.56:653][795]LogContentBrowser: Native class hierarchy updated for 'MovieSceneCapture' in 0.0003 seconds. Added 11 classes and 0 folders.
[2019.01.24-10.09.56:654][795]PIE: Play in editor start time for /Game/2DSideScrollerBP/Maps/UEDPIE_0_2DSideScrollerExampleMap -0.595
[2019.01.24-10.09.56:654][795]LogBlueprintUserMessages: Late PlayInEditor Detection: Level '/Game/2DSideScrollerBP/Maps/2DSideScrollerExampleMap.2DSideScrollerExampleMap:PersistentLevel' has LevelScriptBlueprint '/Game/2DSideScrollerBP/Maps/2DSideScrollerExampleMap.2DSideScrollerExampleMap:PersistentLevel.2DSideScrollerExampleMap' with GeneratedClass '/Game/2DSideScrollerBP/Maps/2DSideScrollerExampleMap.2DSideScrollerExampleMap_C' with ClassGeneratedBy '/Game/2DSideScrollerBP/Maps/2DSideScrollerExampleMap.2DSideScrollerExampleMap:PersistentLevel.2DSideScrollerExampleMap'
[2019.01.24-10.10.02:942][399]LogBlueprintUserMessages: Early EndPlayMap Detection: Level '/Game/2DSideScrollerBP/Maps/2DSideScrollerExampleMap.2DSideScrollerExampleMap:PersistentLevel' has LevelScriptBlueprint '/Game/2DSideScrollerBP/Maps/2DSideScrollerExampleMap.2DSideScrollerExampleMap:PersistentLevel.2DSideScrollerExampleMap' with GeneratedClass '/Game/2DSideScrollerBP/Maps/2DSideScrollerExampleMap.2DSideScrollerExampleMap_C' with ClassGeneratedBy '/Game/2DSideScrollerBP/Maps/2DSideScrollerExampleMap.2DSideScrollerExampleMap:PersistentLevel.2DSideScrollerExampleMap'
[2019.01.24-10.10.02:979][399]LogBlueprintUserMessages: Late EndPlayMap Detection: Level '/Game/2DSideScrollerBP/Maps/2DSideScrollerExampleMap.2DSideScrollerExampleMap:PersistentLevel' has LevelScriptBlueprint '/Game/2DSideScrollerBP/Maps/2DSideScrollerExampleMap.2DSideScrollerExampleMap:PersistentLevel.2DSideScrollerExampleMap' with GeneratedClass '/Game/2DSideScrollerBP/Maps/2DSideScrollerExampleMap.2DSideScrollerExampleMap_C' with ClassGeneratedBy '/Game/2DSideScrollerBP/Maps/2DSideScrollerExampleMap.2DSideScrollerExampleMap:PersistentLevel.2DSideScrollerExampleMap'
[2019.01.24-10.10.04:918][545]LogSlate: FSceneViewport::OnFocusLost() reason 0
[2019.01.24-10.10.04:996][551]LogTemp: Repeating last play command: Selected Viewport
[2019.01.24-10.10.05:029][551]LogBlueprintUserMessages: Early PlayInEditor Detection: Level '/Game/2DSideScrollerBP/Maps/2DSideScrollerExampleMap.2DSideScrollerExampleMap:PersistentLevel' has LevelScriptBlueprint '/Game/2DSideScrollerBP/Maps/2DSideScrollerExampleMap.2DSideScrollerExampleMap:PersistentLevel.2DSideScrollerExampleMap' with GeneratedClass '/Game/2DSideScrollerBP/Maps/2DSideScrollerExampleMap.2DSideScrollerExampleMap_C' with ClassGeneratedBy '/Game/2DSideScrollerBP/Maps/2DSideScrollerExampleMap.2DSideScrollerExampleMap:PersistentLevel.2DSideScrollerExampleMap'
[2019.01.24-10.10.05:029][551]LogPlayLevel: PlayLevel: No blueprints needed recompiling
[2019.01.24-10.10.05:029][551]PIE: New page: PIE session: 2DSideScrollerExampleMap (24 Jan 2019 10:10:05)
[2019.01.24-10.10.05:029][551]LogPlayLevel: Creating play world package: /Game/2DSideScrollerBP/Maps/UEDPIE_0_2DSideScrollerExampleMap
[2019.01.24-10.10.05:032][551]LogPlayLevel: PIE: StaticDuplicateObject took: (0.002201s)
[2019.01.24-10.10.05:032][551]LogAIModule: Creating AISystem for world 2DSideScrollerExampleMap
[2019.01.24-10.10.05:032][551]LogPlayLevel: PIE: World Init took: (0.000533s)
[2019.01.24-10.10.05:032][551]LogPlayLevel: PIE: Created PIE world by copying editor world from /Game/2DSideScrollerBP/Maps/2DSideScrollerExampleMap.2DSideScrollerExampleMap to /Game/2DSideScrollerBP/Maps/UEDPIE_0_2DSideScrollerExampleMap.2DSideScrollerExampleMap (0.002846s)
[2019.01.24-10.10.05:045][551]LogInit: XAudio2 using 'Speakers (Realtek High Definition Audio)' : 2 channels at 48 kHz using 32 bits per sample (channel mask 0x3)
[2019.01.24-10.10.05:061][551]LogInit: FAudioDevice initialized.
[2019.01.24-10.10.05:096][551]LogLoad: Game class is '2DSideScrollerGameMode_C'
[2019.01.24-10.10.05:098][551]LogWorld: Bringing World /Game/2DSideScrollerBP/Maps/UEDPIE_0_2DSideScrollerExampleMap.2DSideScrollerExampleMap up for play (max tick rate 0) at 2019.01.24-10.10.05
[2019.01.24-10.10.05:098][551]LogWorld: Bringing up level for play took: 0.001028
[2019.01.24-10.10.05:099][551]PIE: Play in editor start time for /Game/2DSideScrollerBP/Maps/UEDPIE_0_2DSideScrollerExampleMap -0.149
[2019.01.24-10.10.05:100][551]LogBlueprintUserMessages: Late PlayInEditor Detection: Level '/Game/2DSideScrollerBP/Maps/2DSideScrollerExampleMap.2DSideScrollerExampleMap:PersistentLevel' has LevelScriptBlueprint '/Game/2DSideScrollerBP/Maps/2DSideScrollerExampleMap.2DSideScrollerExampleMap:PersistentLevel.2DSideScrollerExampleMap' with GeneratedClass '/Game/2DSideScrollerBP/Maps/2DSideScrollerExampleMap.2DSideScrollerExampleMap_C' with ClassGeneratedBy '/Game/2DSideScrollerBP/Maps/2DSideScrollerExampleMap.2DSideScrollerExampleMap:PersistentLevel.2DSideScrollerExampleMap'
[2019.01.24-10.10.11:605][179]LogBlueprintUserMessages: Early EndPlayMap Detection: Level '/Game/2DSideScrollerBP/Maps/2DSideScrollerExampleMap.2DSideScrollerExampleMap:PersistentLevel' has LevelScriptBlueprint '/Game/2DSideScrollerBP/Maps/2DSideScrollerExampleMap.2DSideScrollerExampleMap:PersistentLevel.2DSideScrollerExampleMap' with GeneratedClass '/Game/2DSideScrollerBP/Maps/2DSideScrollerExampleMap.2DSideScrollerExampleMap_C' with ClassGeneratedBy '/Game/2DSideScrollerBP/Maps/2DSideScrollerExampleMap.2DSideScrollerExampleMap:PersistentLevel.2DSideScrollerExampleMap'
[2019.01.24-10.10.11:642][179]LogBlueprintUserMessages: Late EndPlayMap Detection: Level '/Game/2DSideScrollerBP/Maps/2DSideScrollerExampleMap.2DSideScrollerExampleMap:PersistentLevel' has LevelScriptBlueprint '/Game/2DSideScrollerBP/Maps/2DSideScrollerExampleMap.2DSideScrollerExampleMap:PersistentLevel.2DSideScrollerExampleMap' with GeneratedClass '/Game/2DSideScrollerBP/Maps/2DSideScrollerExampleMap.2DSideScrollerExampleMap_C' with ClassGeneratedBy '/Game/2DSideScrollerBP/Maps/2DSideScrollerExampleMap.2DSideScrollerExampleMap:PersistentLevel.2DSideScrollerExampleMap'
[2019.01.24-10.10.17:035][589]LogSlate: FSceneViewport::OnFocusLost() reason 0
[2019.01.24-10.10.21:427][900]LogContentBrowser: Native class hierarchy updated for 'BlueprintGraph' in 0.0007 seconds. Added 116 classes and 0 folders.
[2019.01.24-10.10.21:716][900]LogUObjectGlobals: Created PersistentFrame Addr=0x00000226938fc7a0, Size=4, Default__SKEL_PROTO_BP_AnimBlueprint_0_C Function /Engine/Transient.SKEL_PROTO_BP_AnimBlueprint_0_C:ExecuteUbergraph_PROTO_BP_AnimBlueprint_0
[2019.01.24-10.10.21:716][900]LogUObjectGlobals: Created PersistentFrame Addr=0x00000226938fc798, Size=4, Default__PROTO_BP_AnimBlueprint_0_C Function /Engine/Transient.PROTO_BP_AnimBlueprint_0_C:ExecuteUbergraph_PROTO_BP_AnimBlueprint_0
[2019.01.24-10.10.22:339][901]LogSlate: Took 0.000393 seconds to synchronously load lazily loaded font '../../../Engine/Content/Slate/Fonts/Roboto-Italic.ttf' (157K)
[2019.01.24-10.10.34:769][655]LogTemp: Repeating last play command: Selected Viewport
[2019.01.24-10.10.34:805][655]LogBlueprintUserMessages: Early PlayInEditor Detection: Level '/Game/2DSideScrollerBP/Maps/2DSideScrollerExampleMap.2DSideScrollerExampleMap:PersistentLevel' has LevelScriptBlueprint '/Game/2DSideScrollerBP/Maps/2DSideScrollerExampleMap.2DSideScrollerExampleMap:PersistentLevel.2DSideScrollerExampleMap' with GeneratedClass '/Game/2DSideScrollerBP/Maps/2DSideScrollerExampleMap.2DSideScrollerExampleMap_C' with ClassGeneratedBy '/Game/2DSideScrollerBP/Maps/2DSideScrollerExampleMap.2DSideScrollerExampleMap:PersistentLevel.2DSideScrollerExampleMap'
[2019.01.24-10.10.34:805][655]BlueprintLog: New page: Pre-Play auto-recompile
[2019.01.24-10.10.34:821][655]LogPlayLevel: [PlayLevel] Compiling BP before play...
[2019.01.24-10.10.34:836][655]LogUObjectGlobals: Destroyed PersistentFrame Addr=0x00000226c632ce00, Size=528
[2019.01.24-10.10.34:836][655]LogUObjectGlobals: Created PersistentFrame Addr=0x0000022702010b80, Size=528, Default__BP_C Function /Engine/Transient.REINST_BP_C_23:ExecuteUbergraph_BP
[2019.01.24-10.10.34:843][655]LogUObjectGlobals: Created PersistentFrame Addr=0x0000022702d97b00, Size=528, Default__BP_C Function /Game/SpriteRoman/Blueprint/BP.BP_C:ExecuteUbergraph_BP
[2019.01.24-10.10.35:129][655]LogPlayLevel: PlayLevel: Blueprint regeneration took 324 ms (1 blueprints)
[2019.01.24-10.10.35:129][655]PIE: New page: PIE session: 2DSideScrollerExampleMap (24 Jan 2019 10:10:35)
[2019.01.24-10.10.35:129][655]LogPlayLevel: Creating play world package: /Game/2DSideScrollerBP/Maps/UEDPIE_0_2DSideScrollerExampleMap
[2019.01.24-10.10.35:131][655]LogPlayLevel: PIE: StaticDuplicateObject took: (0.002140s)
[2019.01.24-10.10.35:131][655]LogAIModule: Creating AISystem for world 2DSideScrollerExampleMap
[2019.01.24-10.10.35:132][655]LogPlayLevel: PIE: World Init took: (0.000576s)
[2019.01.24-10.10.35:132][655]LogPlayLevel: PIE: Created PIE world by copying editor world from /Game/2DSideScrollerBP/Maps/2DSideScrollerExampleMap.2DSideScrollerExampleMap to /Game/2DSideScrollerBP/Maps/UEDPIE_0_2DSideScrollerExampleMap.2DSideScrollerExampleMap (0.002832s)
[2019.01.24-10.10.35:152][655]LogInit: XAudio2 using 'Speakers (Realtek High Definition Audio)' : 2 channels at 48 kHz using 32 bits per sample (channel mask 0x3)
[2019.01.24-10.10.35:168][655]LogInit: FAudioDevice initialized.
[2019.01.24-10.10.35:202][655]LogLoad: Game class is '2DSideScrollerGameMode_C'
[2019.01.24-10.10.35:204][655]LogWorld: Bringing World /Game/2DSideScrollerBP/Maps/UEDPIE_0_2DSideScrollerExampleMap.2DSideScrollerExampleMap up for play (max tick rate 0) at 2019.01.24-10.10.35
[2019.01.24-10.10.35:204][655]LogWorld: Bringing up level for play took: 0.001234
[2019.01.24-10.10.35:205][655]PIE: Play in editor start time for /Game/2DSideScrollerBP/Maps/UEDPIE_0_2DSideScrollerExampleMap -0.042
[2019.01.24-10.10.35:206][655]LogBlueprintUserMessages: Late PlayInEditor Detection: Level '/Game/2DSideScrollerBP/Maps/2DSideScrollerExampleMap.2DSideScrollerExampleMap:PersistentLevel' has LevelScriptBlueprint '/Game/2DSideScrollerBP/Maps/2DSideScrollerExampleMap.2DSideScrollerExampleMap:PersistentLevel.2DSideScrollerExampleMap' with GeneratedClass '/Game/2DSideScrollerBP/Maps/2DSideScrollerExampleMap.2DSideScrollerExampleMap_C' with ClassGeneratedBy '/Game/2DSideScrollerBP/Maps/2DSideScrollerExampleMap.2DSideScrollerExampleMap:PersistentLevel.2DSideScrollerExampleMap'
[2019.01.24-10.10.38:120][871]LogSlate: Window 'BP*' being destroyed
[2019.01.24-10.10.38:125][871]LogSlate: Window 'BP*' being destroyed
[2019.01.24-10.10.42:256][262]LogBlueprintUserMessages: Early EndPlayMap Detection: Level '/Game/2DSideScrollerBP/Maps/2DSideScrollerExampleMap.2DSideScrollerExampleMap:PersistentLevel' has LevelScriptBlueprint '/Game/2DSideScrollerBP/Maps/2DSideScrollerExampleMap.2DSideScrollerExampleMap:PersistentLevel.2DSideScrollerExampleMap' with GeneratedClass '/Game/2DSideScrollerBP/Maps/2DSideScrollerExampleMap.2DSideScrollerExampleMap_C' with ClassGeneratedBy '/Game/2DSideScrollerBP/Maps/2DSideScrollerExampleMap.2DSideScrollerExampleMap:PersistentLevel.2DSideScrollerExampleMap'
[2019.01.24-10.10.42:292][262]LogBlueprintUserMessages: Late EndPlayMap Detection: Level '/Game/2DSideScrollerBP/Maps/2DSideScrollerExampleMap.2DSideScrollerExampleMap:PersistentLevel' has LevelScriptBlueprint '/Game/2DSideScrollerBP/Maps/2DSideScrollerExampleMap.2DSideScrollerExampleMap:PersistentLevel.2DSideScrollerExampleMap' with GeneratedClass '/Game/2DSideScrollerBP/Maps/2DSideScrollerExampleMap.2DSideScrollerExampleMap_C' with ClassGeneratedBy '/Game/2DSideScrollerBP/Maps/2DSideScrollerExampleMap.2DSideScrollerExampleMap:PersistentLevel.2DSideScrollerExampleMap'
[2019.01.24-10.10.42:310][262]LogUObjectGlobals: Destroyed PersistentFrame Addr=0x0000022702010b80, Size=528
[2019.01.24-10.10.43:185][328]LogSlate: FSceneViewport::OnFocusLost() reason 0
[2019.01.24-10.10.43:263][334]LogTemp: Repeating last play command: Selected Viewport
[2019.01.24-10.10.43:294][334]LogBlueprintUserMessages: Early PlayInEditor Detection: Level '/Game/2DSideScrollerBP/Maps/2DSideScrollerExampleMap.2DSideScrollerExampleMap:PersistentLevel' has LevelScriptBlueprint '/Game/2DSideScrollerBP/Maps/2DSideScrollerExampleMap.2DSideScrollerExampleMap:PersistentLevel.2DSideScrollerExampleMap' with GeneratedClass '/Game/2DSideScrollerBP/Maps/2DSideScrollerExampleMap.2DSideScrollerExampleMap_C' with ClassGeneratedBy '/Game/2DSideScrollerBP/Maps/2DSideScrollerExampleMap.2DSideScrollerExampleMap:PersistentLevel.2DSideScrollerExampleMap'
[2019.01.24-10.10.43:294][334]LogPlayLevel: PlayLevel: No blueprints needed recompiling
[2019.01.24-10.10.43:294][334]PIE: New page: PIE session: 2DSideScrollerExampleMap (24 Jan 2019 10:10:43)
[2019.01.24-10.10.43:294][334]LogPlayLevel: Creating play world package: /Game/2DSideScrollerBP/Maps/UEDPIE_0_2DSideScrollerExampleMap
[2019.01.24-10.10.43:296][334]LogPlayLevel: PIE: StaticDuplicateObject took: (0.001978s)
[2019.01.24-10.10.43:297][334]LogAIModule: Creating AISystem for world 2DSideScrollerExampleMap
[2019.01.24-10.10.43:297][334]LogPlayLevel: PIE: World Init took: (0.000536s)
[2019.01.24-10.10.43:297][334]LogPlayLevel: PIE: Created PIE world by copying editor world from /Game/2DSideScrollerBP/Maps/2DSideScrollerExampleMap.2DSideScrollerExampleMap to /Game/2DSideScrollerBP/Maps/UEDPIE_0_2DSideScrollerExampleMap.2DSideScrollerExampleMap (0.002621s)
[2019.01.24-10.10.43:316][334]LogInit: XAudio2 using 'Speakers (Realtek High Definition Audio)' : 2 channels at 48 kHz using 32 bits per sample (channel mask 0x3)
[2019.01.24-10.10.43:333][334]LogInit: FAudioDevice initialized.
[2019.01.24-10.10.43:362][334]LogLoad: Game class is '2DSideScrollerGameMode_C'
[2019.01.24-10.10.43:363][334]LogWorld: Bringing World /Game/2DSideScrollerBP/Maps/UEDPIE_0_2DSideScrollerExampleMap.2DSideScrollerExampleMap up for play (max tick rate 0) at 2019.01.24-10.10.43
[2019.01.24-10.10.43:364][334]LogWorld: Bringing up level for play took: 0.001011
[2019.01.24-10.10.43:365][334]PIE: Play in editor start time for /Game/2DSideScrollerBP/Maps/UEDPIE_0_2DSideScrollerExampleMap 0.118
[2019.01.24-10.10.43:365][334]LogBlueprintUserMessages: Late PlayInEditor Detection: Level '/Game/2DSideScrollerBP/Maps/2DSideScrollerExampleMap.2DSideScrollerExampleMap:PersistentLevel' has LevelScriptBlueprint '/Game/2DSideScrollerBP/Maps/2DSideScrollerExampleMap.2DSideScrollerExampleMap:PersistentLevel.2DSideScrollerExampleMap' with GeneratedClass '/Game/2DSideScrollerBP/Maps/2DSideScrollerExampleMap.2DSideScrollerExampleMap_C' with ClassGeneratedBy '/Game/2DSideScrollerBP/Maps/2DSideScrollerExampleMap.2DSideScrollerExampleMap:PersistentLevel.2DSideScrollerExampleMap'
[2019.01.24-10.11.11:166][ 24]LogBlueprintUserMessages: Early EndPlayMap Detection: Level '/Game/2DSideScrollerBP/Maps/2DSideScrollerExampleMap.2DSideScrollerExampleMap:PersistentLevel' has LevelScriptBlueprint '/Game/2DSideScrollerBP/Maps/2DSideScrollerExampleMap.2DSideScrollerExampleMap:PersistentLevel.2DSideScrollerExampleMap' with GeneratedClass '/Game/2DSideScrollerBP/Maps/2DSideScrollerExampleMap.2DSideScrollerExampleMap_C' with ClassGeneratedBy '/Game/2DSideScrollerBP/Maps/2DSideScrollerExampleMap.2DSideScrollerExampleMap:PersistentLevel.2DSideScrollerExampleMap'
[2019.01.24-10.11.11:206][ 24]LogBlueprintUserMessages: Late EndPlayMap Detection: Level '/Game/2DSideScrollerBP/Maps/2DSideScrollerExampleMap.2DSideScrollerExampleMap:PersistentLevel' has LevelScriptBlueprint '/Game/2DSideScrollerBP/Maps/2DSideScrollerExampleMap.2DSideScrollerExampleMap:PersistentLevel.2DSideScrollerExampleMap' with GeneratedClass '/Game/2DSideScrollerBP/Maps/2DSideScrollerExampleMap.2DSideScrollerExampleMap_C' with ClassGeneratedBy '/Game/2DSideScrollerBP/Maps/2DSideScrollerExampleMap.2DSideScrollerExampleMap:PersistentLevel.2DSideScrollerExampleMap'
[2019.01.24-10.11.14:000][235]LogSlate: FSceneViewport::OnFocusLost() reason 0
[2019.01.24-10.12.02:724][695]LogSlate: Window 'Delete Assets' being destroyed
[2019.01.24-10.12.46:841][736]LogSlate: FSceneViewport::OnFocusLost() reason 0
[2019.01.24-10.12.46:921][740]LogSlate: Window 'PlayerSheetRoman_Sprite_9*' being destroyed
[2019.01.24-10.12.46:944][740]LogSlate: Window 'PlayerSheetRoman_Sprite_9*' being destroyed
[2019.01.24-10.13.37:970][ 30]LogSlate: Window 'PlayerSheetRoman_Sprite_9*' being destroyed
[2019.01.24-10.13.37:993][ 30]LogSlate: Window 'PlayerSheetRoman_Sprite_9*' being destroyed
[2019.01.24-10.13.56:885][805]Cmd: TRANSACTION UNDO
[2019.01.24-10.13.56:885][805]LogEditorTransaction: Undo Set Vector Property
[2019.01.24-10.13.59:483][918]Cmd: TRANSACTION UNDO
[2019.01.24-10.13.59:483][918]LogEditorTransaction: Undo Edit X
[2019.01.24-10.14.00:079][946]Cmd: TRANSACTION UNDO
[2019.01.24-10.14.00:079][946]LogEditorTransaction: Undo Edit X
[2019.01.24-10.14.00:513][967]Cmd: TRANSACTION UNDO
[2019.01.24-10.14.00:513][967]LogEditorTransaction: Undo Set Vector Property
[2019.01.24-10.14.00:959][988]Cmd: TRANSACTION UNDO
[2019.01.24-10.14.00:959][988]LogEditorTransaction: Undo Set Vector Property
[2019.01.24-10.14.01:293][  4]Cmd: TRANSACTION UNDO
[2019.01.24-10.14.01:293][  4]LogEditorTransaction: Undo Set Vector Property
[2019.01.24-10.14.01:546][ 16]Cmd: TRANSACTION UNDO
[2019.01.24-10.14.01:546][ 16]LogEditorTransaction: Undo Set Vector Property
[2019.01.24-10.14.01:795][ 28]Cmd: TRANSACTION UNDO
[2019.01.24-10.14.01:795][ 28]LogEditorTransaction: Undo Set Vector Property
[2019.01.24-10.14.02:004][ 38]Cmd: TRANSACTION UNDO
[2019.01.24-10.14.02:004][ 38]LogEditorTransaction: Undo Set Vector Property
[2019.01.24-10.14.02:213][ 48]Cmd: TRANSACTION UNDO
[2019.01.24-10.14.02:213][ 48]LogEditorTransaction: Undo Set Vector Property
[2019.01.24-10.14.02:447][ 59]Cmd: TRANSACTION UNDO
[2019.01.24-10.14.02:447][ 59]LogEditorTransaction: Undo Set Vector Property
[2019.01.24-10.14.02:679][ 70]Cmd: TRANSACTION UNDO
[2019.01.24-10.14.02:679][ 70]LogEditorTransaction: Undo Set Vector Property
[2019.01.24-10.14.02:908][ 81]Cmd: TRANSACTION UNDO
[2019.01.24-10.14.02:908][ 81]LogEditorTransaction: Undo Set Vector Property
[2019.01.24-10.14.03:982][131]LogSlate: Window 'PlayerSheetRoman_Sprite_10*' being destroyed
[2019.01.24-10.14.04:006][131]LogSlate: Window 'PlayerSheetRoman_Sprite_10*' being destroyed
[2019.01.24-10.14.04:667][176]Cmd: TRANSACTION UNDO
[2019.01.24-10.14.04:667][176]LogEditorTransaction: Undo Edit X
[2019.01.24-10.14.05:051][204]Cmd: TRANSACTION UNDO
[2019.01.24-10.14.05:051][204]LogEditorTransaction: Undo Edit X
[2019.01.24-10.14.05:436][233]Cmd: TRANSACTION UNDO
[2019.01.24-10.14.05:436][233]LogEditorTransaction: Undo Edit X
[2019.01.24-10.14.07:799][411]Cmd: TRANSACTION REDO
[2019.01.24-10.14.07:800][411]LogEditorTransaction: Redo Edit X
[2019.01.24-10.14.08:103][433]Cmd: TRANSACTION REDO
[2019.01.24-10.14.08:103][433]LogEditorTransaction: Redo Edit X
[2019.01.24-10.14.08:330][450]Cmd: TRANSACTION REDO
[2019.01.24-10.14.08:330][450]LogEditorTransaction: Redo Edit X
[2019.01.24-10.14.34:067][650]LogSlate: Window 'PlayerSheetRoman_Sprite_9*' being destroyed
[2019.01.24-10.14.34:089][650]LogSlate: Window 'PlayerSheetRoman_Sprite_9*' being destroyed
[2019.01.24-10.14.59:031][646]LogSlate: Window 'PlayerSheetRoman_Sprite_10*' being destroyed
[2019.01.24-10.14.59:053][646]LogSlate: Window 'PlayerSheetRoman_Sprite_10*' being destroyed
[2019.01.24-10.15.11:134][150]LogSlate: Window 'PlayerSheetRoman_Sprite_11*' being destroyed
[2019.01.24-10.15.11:156][150]LogSlate: Window 'PlayerSheetRoman_Sprite_11*' being destroyed
[2019.01.24-10.15.38:355][ 64]LogSlate: Window 'BP*' being destroyed
[2019.01.24-10.15.38:373][ 64]LogSlate: Window 'BP*' being destroyed
[2019.01.24-10.15.39:265][126]LogTemp: Repeating last play command: Selected Viewport
[2019.01.24-10.15.39:295][126]LogBlueprintUserMessages: Early PlayInEditor Detection: Level '/Game/2DSideScrollerBP/Maps/2DSideScrollerExampleMap.2DSideScrollerExampleMap:PersistentLevel' has LevelScriptBlueprint '/Game/2DSideScrollerBP/Maps/2DSideScrollerExampleMap.2DSideScrollerExampleMap:PersistentLevel.2DSideScrollerExampleMap' with GeneratedClass '/Game/2DSideScrollerBP/Maps/2DSideScrollerExampleMap.2DSideScrollerExampleMap_C' with ClassGeneratedBy '/Game/2DSideScrollerBP/Maps/2DSideScrollerExampleMap.2DSideScrollerExampleMap:PersistentLevel.2DSideScrollerExampleMap'
[2019.01.24-10.15.39:295][126]BlueprintLog: New page: Pre-Play auto-recompile
[2019.01.24-10.15.39:311][126]LogPlayLevel: [PlayLevel] Compiling BP before play...
[2019.01.24-10.15.39:326][126]LogUObjectGlobals: Destroyed PersistentFrame Addr=0x0000022702d97b00, Size=528
[2019.01.24-10.15.39:327][126]LogUObjectGlobals: Created PersistentFrame Addr=0x00000226e3696480, Size=528, Default__BP_C Function /Engine/Transient.REINST_BP_C_27:ExecuteUbergraph_BP
[2019.01.24-10.15.39:333][126]LogUObjectGlobals: Created PersistentFrame Addr=0x00000226fe6a4180, Size=528, Default__BP_C Function /Game/SpriteRoman/Blueprint/BP.BP_C:ExecuteUbergraph_BP
[2019.01.24-10.15.39:487][126]LogUObjectGlobals: Destroyed PersistentFrame Addr=0x00000226e3696480, Size=528
[2019.01.24-10.15.39:488][126]LogPlayLevel: PlayLevel: Blueprint regeneration took 193 ms (1 blueprints)
[2019.01.24-10.15.39:489][126]PIE: New page: PIE session: 2DSideScrollerExampleMap (24 Jan 2019 10:15:39)
[2019.01.24-10.15.39:489][126]LogPlayLevel: Creating play world package: /Game/2DSideScrollerBP/Maps/UEDPIE_0_2DSideScrollerExampleMap
[2019.01.24-10.15.39:491][126]LogPlayLevel: PIE: StaticDuplicateObject took: (0.002134s)
[2019.01.24-10.15.39:491][126]LogAIModule: Creating AISystem for world 2DSideScrollerExampleMap
[2019.01.24-10.15.39:492][126]LogPlayLevel: PIE: World Init took: (0.000536s)
[2019.01.24-10.15.39:492][126]LogPlayLevel: PIE: Created PIE world by copying editor world from /Game/2DSideScrollerBP/Maps/2DSideScrollerExampleMap.2DSideScrollerExampleMap to /Game/2DSideScrollerBP/Maps/UEDPIE_0_2DSideScrollerExampleMap.2DSideScrollerExampleMap (0.002781s)
[2019.01.24-10.15.39:511][126]LogInit: XAudio2 using 'Speakers (Realtek High Definition Audio)' : 2 channels at 48 kHz using 32 bits per sample (channel mask 0x3)
[2019.01.24-10.15.39:528][126]LogInit: FAudioDevice initialized.
[2019.01.24-10.15.39:561][126]LogLoad: Game class is '2DSideScrollerGameMode_C'
[2019.01.24-10.15.39:563][126]LogWorld: Bringing World /Game/2DSideScrollerBP/Maps/UEDPIE_0_2DSideScrollerExampleMap.2DSideScrollerExampleMap up for play (max tick rate 0) at 2019.01.24-10.15.39
[2019.01.24-10.15.39:563][126]LogWorld: Bringing up level for play took: 0.001048
[2019.01.24-10.15.39:564][126]PIE: Play in editor start time for /Game/2DSideScrollerBP/Maps/UEDPIE_0_2DSideScrollerExampleMap 0.322
[2019.01.24-10.15.39:565][126]LogBlueprintUserMessages: Late PlayInEditor Detection: Level '/Game/2DSideScrollerBP/Maps/2DSideScrollerExampleMap.2DSideScrollerExampleMap:PersistentLevel' has LevelScriptBlueprint '/Game/2DSideScrollerBP/Maps/2DSideScrollerExampleMap.2DSideScrollerExampleMap:PersistentLevel.2DSideScrollerExampleMap' with GeneratedClass '/Game/2DSideScrollerBP/Maps/2DSideScrollerExampleMap.2DSideScrollerExampleMap_C' with ClassGeneratedBy '/Game/2DSideScrollerBP/Maps/2DSideScrollerExampleMap.2DSideScrollerExampleMap:PersistentLevel.2DSideScrollerExampleMap'
[2019.01.24-10.15.54:239][543]LogBlueprintUserMessages: Early EndPlayMap Detection: Level '/Game/2DSideScrollerBP/Maps/2DSideScrollerExampleMap.2DSideScrollerExampleMap:PersistentLevel' has LevelScriptBlueprint '/Game/2DSideScrollerBP/Maps/2DSideScrollerExampleMap.2DSideScrollerExampleMap:PersistentLevel.2DSideScrollerExampleMap' with GeneratedClass '/Game/2DSideScrollerBP/Maps/2DSideScrollerExampleMap.2DSideScrollerExampleMap_C' with ClassGeneratedBy '/Game/2DSideScrollerBP/Maps/2DSideScrollerExampleMap.2DSideScrollerExampleMap:PersistentLevel.2DSideScrollerExampleMap'
[2019.01.24-10.15.54:278][543]LogBlueprintUserMessages: Late EndPlayMap Detection: Level '/Game/2DSideScrollerBP/Maps/2DSideScrollerExampleMap.2DSideScrollerExampleMap:PersistentLevel' has LevelScriptBlueprint '/Game/2DSideScrollerBP/Maps/2DSideScrollerExampleMap.2DSideScrollerExampleMap:PersistentLevel.2DSideScrollerExampleMap' with GeneratedClass '/Game/2DSideScrollerBP/Maps/2DSideScrollerExampleMap.2DSideScrollerExampleMap_C' with ClassGeneratedBy '/Game/2DSideScrollerBP/Maps/2DSideScrollerExampleMap.2DSideScrollerExampleMap:PersistentLevel.2DSideScrollerExampleMap'
[2019.01.24-10.15.59:634][950]LogSlate: FSceneViewport::OnFocusLost() reason 2
[2019.01.24-10.16.27:296][105]UATHelper: Zip Project Task (Windows): Running AutomationTool...
[2019.01.24-10.16.27:527][105]UATHelper: Zip Project Task (Windows): Parsing command line: ZipProjectUp -nocompile -nocompileeditor -project="F:/Year 2/Prov_Dev/MutiplayerGame/NebulaGM-ProjectX/code/NR/movement 4.19/" -install="F:/Year 2/Prov_Dev/MutiplayerGame/NebulaGM-ProjectX/code/NR/24-01_2D.zip"
[2019.01.24-10.16.27:887][105]UATHelper: Zip Project Task (Windows): Started zipping project up
[2019.01.24-10.16.27:887][105]UATHelper: Zip Project Task (Windows): Project directory: F:\Year 2\Prov_Dev\MutiplayerGame\NebulaGM-ProjectX\code\NR\movement 4.19
[2019.01.24-10.16.27:887][105]UATHelper: Zip Project Task (Windows): Install directory: F:/Year 2/Prov_Dev/MutiplayerGame/NebulaGM-ProjectX/code/NR/24-01_2D.zip
[2019.01.24-10.16.27:887][105]UATHelper: Zip Project Task (Windows): Packaging up the project...
[2019.01.24-10.16.28:321][105]UATHelper: Zip Project Task (Windows): Completed zipping project up
[2019.01.24-10.16.28:321][105]UATHelper: Zip Project Task (Windows): BUILD SUCCESSFUL
[2019.01.24-10.16.28:321][105]UATHelper: Zip Project Task (Windows): AutomationTool exiting with ExitCode=0 (Success)
[2019.01.24-10.16.29:182][105]LogSavePackage: Save=1784.43ms
[2019.01.24-10.16.29:182][105]LogSavePackage: Moving 'F:/Year 2/Prov_Dev/MutiplayerGame/NebulaGM-ProjectX/code/NR/movement 4.19/Saved/2DSideScrollerExampleMap_Auto1260DEEE642B7D04A15A3DAA3C1C31D68.tmp' to 'F:/Year 2/Prov_Dev/MutiplayerGame/NebulaGM-ProjectX/code/NR/movement 4.19/Saved/Autosaves/Game/2DSideScrollerBP/Maps/2DSideScrollerExampleMap_Auto1.umap'
[2019.01.24-10.16.29:199][105]LogSavePackage: Display: Finished SavePackage F:/Year 2/Prov_Dev/MutiplayerGame/NebulaGM-ProjectX/code/NR/movement 4.19/Saved/Autosaves/Game/2DSideScrollerBP/Maps/2DSideScrollerExampleMap_Auto1.umap
[2019.01.24-10.16.29:218][105]LogFileHelpers: Editor autosave (incl. sublevels) for '/Game/2DSideScrollerBP/Maps/2DSideScrollerExampleMap' took 1.891
[2019.01.24-10.16.29:218][105]LogFileHelpers: Editor autosave (incl. sublevels) for all levels took 1.891
[2019.01.24-10.16.29:222][105]OBJ SavePackage: Generating thumbnails for [0] asset(s) in package [/Game/SpriteRoman/Blueprint/BP] ([1] browsable assets)...
[2019.01.24-10.16.29:222][105]OBJ SavePackage: Finished generating thumbnails for package [/Game/SpriteRoman/Blueprint/BP]
[2019.01.24-10.16.31:214][105]LogSavePackage: Save=1951.27ms
[2019.01.24-10.16.31:214][105]LogSavePackage: Moving 'F:/Year 2/Prov_Dev/MutiplayerGame/NebulaGM-ProjectX/code/NR/movement 4.19/Saved/BP_Auto16723A64143970817256F1C99C2776690.tmp' to 'F:/Year 2/Prov_Dev/MutiplayerGame/NebulaGM-ProjectX/code/NR/movement 4.19/Saved/Autosaves/Game/SpriteRoman/Blueprint/BP_Auto1.uasset'
[2019.01.24-10.16.31:231][105]LogSavePackage: Display: Finished SavePackage F:/Year 2/Prov_Dev/MutiplayerGame/NebulaGM-ProjectX/code/NR/movement 4.19/Saved/Autosaves/Game/SpriteRoman/Blueprint/BP_Auto1.uasset
[2019.01.24-10.16.31:231][105]OBJ SavePackage: Generating thumbnails for [1] asset(s) in package [/Game/SpriteRoman/Sprite/Character/A_RunAttack] ([1] browsable assets)...
[2019.01.24-10.16.31:240][105]OBJ SavePackage:     Rendered thumbnail for [PaperFlipbook /Game/SpriteRoman/Sprite/Character/A_RunAttack.A_RunAttack]
[2019.01.24-10.16.31:240][105]OBJ SavePackage: Finished generating thumbnails for package [/Game/SpriteRoman/Sprite/Character/A_RunAttack]
[2019.01.24-10.16.31:277][105]LogSavePackage: Save=17.91ms
[2019.01.24-10.16.31:277][105]LogSavePackage: Moving 'F:/Year 2/Prov_Dev/MutiplayerGame/NebulaGM-ProjectX/code/NR/movement 4.19/Saved/A_RunAttack_Auto12068B3A640EB8C1E5558CE8C3A20C513.tmp' to 'F:/Year 2/Prov_Dev/MutiplayerGame/NebulaGM-ProjectX/code/NR/movement 4.19/Saved/Autosaves/Game/SpriteRoman/Sprite/Character/A_RunAttack_Auto1.uasset'
[2019.01.24-10.16.31:285][105]LogSavePackage: Display: Finished SavePackage F:/Year 2/Prov_Dev/MutiplayerGame/NebulaGM-ProjectX/code/NR/movement 4.19/Saved/Autosaves/Game/SpriteRoman/Sprite/Character/A_RunAttack_Auto1.uasset
[2019.01.24-10.16.31:285][105]OBJ SavePackage: Generating thumbnails for [1] asset(s) in package [/Game/SpriteRoman/Sprite/Character/PlayerSheetRoman_Sprite_10] ([1] browsable assets)...
[2019.01.24-10.16.31:293][105]OBJ SavePackage:     Rendered thumbnail for [PaperSprite /Game/SpriteRoman/Sprite/Character/PlayerSheetRoman_Sprite_10.PlayerSheetRoman_Sprite_10]
[2019.01.24-10.16.31:293][105]OBJ SavePackage: Finished generating thumbnails for package [/Game/SpriteRoman/Sprite/Character/PlayerSheetRoman_Sprite_10]
[2019.01.24-10.16.31:352][105]LogSavePackage: Save=20.34ms
[2019.01.24-10.16.31:352][105]LogSavePackage: Moving 'F:/Year 2/Prov_Dev/MutiplayerGame/NebulaGM-ProjectX/code/NR/movement 4.19/Saved/PlayerSheetRoman_Sprite_10_Auto13C87A8FC494963735230B5B505061CCF.tmp' to 'F:/Year 2/Prov_Dev/MutiplayerGame/NebulaGM-ProjectX/code/NR/movement 4.19/Saved/Autosaves/Game/SpriteRoman/Sprite/Character/PlayerSheetRoman_Sprite_10_Auto1.uasset'
[2019.01.24-10.16.31:360][105]LogSavePackage: Display: Finished SavePackage F:/Year 2/Prov_Dev/MutiplayerGame/NebulaGM-ProjectX/code/NR/movement 4.19/Saved/Autosaves/Game/SpriteRoman/Sprite/Character/PlayerSheetRoman_Sprite_10_Auto1.uasset
[2019.01.24-10.16.31:361][105]OBJ SavePackage: Generating thumbnails for [1] asset(s) in package [/Game/SpriteRoman/Sprite/Character/PlayerSheetRoman_Sprite_11] ([1] browsable assets)...
[2019.01.24-10.16.31:369][105]OBJ SavePackage:     Rendered thumbnail for [PaperSprite /Game/SpriteRoman/Sprite/Character/PlayerSheetRoman_Sprite_11.PlayerSheetRoman_Sprite_11]
[2019.01.24-10.16.31:369][105]OBJ SavePackage: Finished generating thumbnails for package [/Game/SpriteRoman/Sprite/Character/PlayerSheetRoman_Sprite_11]
[2019.01.24-10.16.31:430][105]LogSavePackage: Save=20.93ms
[2019.01.24-10.16.31:430][105]LogSavePackage: Moving 'F:/Year 2/Prov_Dev/MutiplayerGame/NebulaGM-ProjectX/code/NR/movement 4.19/Saved/PlayerSheetRoman_Sprite_11_Auto15A61A1BF4E67D3137757698083F9D1C8.tmp' to 'F:/Year 2/Prov_Dev/MutiplayerGame/NebulaGM-ProjectX/code/NR/movement 4.19/Saved/Autosaves/Game/SpriteRoman/Sprite/Character/PlayerSheetRoman_Sprite_11_Auto1.uasset'
[2019.01.24-10.16.31:439][105]LogSavePackage: Display: Finished SavePackage F:/Year 2/Prov_Dev/MutiplayerGame/NebulaGM-ProjectX/code/NR/movement 4.19/Saved/Autosaves/Game/SpriteRoman/Sprite/Character/PlayerSheetRoman_Sprite_11_Auto1.uasset
[2019.01.24-10.16.31:440][105]OBJ SavePackage: Generating thumbnails for [1] asset(s) in package [/Game/SpriteRoman/Sprite/Character/PlayerSheetRoman_Sprite_9] ([1] browsable assets)...
[2019.01.24-10.16.31:448][105]OBJ SavePackage:     Rendered thumbnail for [PaperSprite /Game/SpriteRoman/Sprite/Character/PlayerSheetRoman_Sprite_9.PlayerSheetRoman_Sprite_9]
[2019.01.24-10.16.31:448][105]OBJ SavePackage: Finished generating thumbnails for package [/Game/SpriteRoman/Sprite/Character/PlayerSheetRoman_Sprite_9]
[2019.01.24-10.16.31:508][105]LogSavePackage: Save=19.81ms
[2019.01.24-10.16.31:509][105]LogSavePackage: Moving 'F:/Year 2/Prov_Dev/MutiplayerGame/NebulaGM-ProjectX/code/NR/movement 4.19/Saved/PlayerSheetRoman_Sprite_9_Auto10536F417481C63C1AE35E7BCB3680114.tmp' to 'F:/Year 2/Prov_Dev/MutiplayerGame/NebulaGM-ProjectX/code/NR/movement 4.19/Saved/Autosaves/Game/SpriteRoman/Sprite/Character/PlayerSheetRoman_Sprite_9_Auto1.uasset'
[2019.01.24-10.16.31:517][105]LogSavePackage: Display: Finished SavePackage F:/Year 2/Prov_Dev/MutiplayerGame/NebulaGM-ProjectX/code/NR/movement 4.19/Saved/Autosaves/Game/SpriteRoman/Sprite/Character/PlayerSheetRoman_Sprite_9_Auto1.uasset
[2019.01.24-10.16.31:556][105]OBJ SavePackage: Generating thumbnails for [0] asset(s) in package [/Game/SpriteSkeleton/BluePrint/BP] ([1] browsable assets)...
[2019.01.24-10.16.31:557][105]OBJ SavePackage: Finished generating thumbnails for package [/Game/SpriteSkeleton/BluePrint/BP]
[2019.01.24-10.16.33:505][105]LogSavePackage: Save=1919.69ms
[2019.01.24-10.16.33:505][105]LogSavePackage: Moving 'F:/Year 2/Prov_Dev/MutiplayerGame/NebulaGM-ProjectX/code/NR/movement 4.19/Saved/BP_Auto166EA623343DB169E0AD816A48DFFFD67.tmp' to 'F:/Year 2/Prov_Dev/MutiplayerGame/NebulaGM-ProjectX/code/NR/movement 4.19/Saved/Autosaves/Game/SpriteSkeleton/BluePrint/BP_Auto1.uasset'
[2019.01.24-10.16.33:514][105]LogSavePackage: Display: Finished SavePackage F:/Year 2/Prov_Dev/MutiplayerGame/NebulaGM-ProjectX/code/NR/movement 4.19/Saved/Autosaves/Game/SpriteSkeleton/BluePrint/BP_Auto1.uasset
[2019.01.24-10.16.33:514][105]LogFileHelpers: Auto-saving content packages took 4.293
